This is pdfTeX, Version 3.141592653-2.6-1.40.22 (TeX Live 2021) (preloaded format=pdflatex 2022.1.9)  5 JAN 2023 19:23
entering extended mode
 \write18 enabled.
 %&-line parsing enabled.
**COIT11238-M1W1-V23S3.tex
(./COIT11238-M1W1-V23S3.tex
LaTeX2e <2020-10-01> patch level 4
L3 programming layer <2021-02-18>
(/usr/local/texlive/2021/texmf-dist/tex/latex/beamer/beamer.cls
Document Class: beamer 2021/03/19 v3.62 A class for typesetting presentations
(/usr/local/texlive/2021/texmf-dist/tex/latex/beamer/beamerbasemodes.sty
(/usr/local/texlive/2021/texmf-dist/tex/latex/etoolbox/etoolbox.sty
Package: etoolbox 2020/10/05 v2.5k e-TeX tools for LaTeX (JAW)
\etb@tempcnta=\count179
)
\beamer@tempbox=\box47
\beamer@tempcount=\count180
\c@beamerpauses=\count181

(/usr/local/texlive/2021/texmf-dist/tex/latex/beamer/beamerbasedecode.sty
\beamer@slideinframe=\count182
\beamer@minimum=\count183
\beamer@decode@box=\box48
)
\beamer@commentbox=\box49
\beamer@modecount=\count184
)
(/usr/local/texlive/2021/texmf-dist/tex/generic/iftex/ifpdf.sty
Package: ifpdf 2019/10/25 v3.4 ifpdf legacy package. Use iftex instead.

(/usr/local/texlive/2021/texmf-dist/tex/generic/iftex/iftex.sty
Package: iftex 2020/03/06 v1.0d TeX engine tests
))
\headdp=\dimen138
\footheight=\dimen139
\sidebarheight=\dimen140
\beamer@tempdim=\dimen141
\beamer@finalheight=\dimen142
\beamer@animht=\dimen143
\beamer@animdp=\dimen144
\beamer@animwd=\dimen145
\beamer@leftmargin=\dimen146
\beamer@rightmargin=\dimen147
\beamer@leftsidebar=\dimen148
\beamer@rightsidebar=\dimen149
\beamer@boxsize=\dimen150
\beamer@vboxoffset=\dimen151
\beamer@descdefault=\dimen152
\beamer@descriptionwidth=\dimen153
\beamer@lastskip=\skip47
\beamer@areabox=\box50
\beamer@animcurrent=\box51
\beamer@animshowbox=\box52
\beamer@sectionbox=\box53
\beamer@logobox=\box54
\beamer@linebox=\box55
\beamer@sectioncount=\count185
\beamer@subsubsectionmax=\count186
\beamer@subsectionmax=\count187
\beamer@sectionmax=\count188
\beamer@totalheads=\count189
\beamer@headcounter=\count190
\beamer@partstartpage=\count191
\beamer@sectionstartpage=\count192
\beamer@subsectionstartpage=\count193
\beamer@animationtempa=\count194
\beamer@animationtempb=\count195
\beamer@xpos=\count196
\beamer@ypos=\count197
\beamer@ypos@offset=\count198
\beamer@showpartnumber=\count199
\beamer@currentsubsection=\count266
\beamer@coveringdepth=\count267
\beamer@sectionadjust=\count268
\beamer@tocsectionnumber=\count269

(/usr/local/texlive/2021/texmf-dist/tex/latex/beamer/beamerbaseoptions.sty
(/usr/local/texlive/2021/texmf-dist/tex/latex/graphics/keyval.sty
Package: keyval 2014/10/28 v1.15 key=value parser (DPC)
\KV@toks@=\toks15
))
\beamer@paperwidth=\skip48
\beamer@paperheight=\skip49

(/usr/local/texlive/2021/texmf-dist/tex/latex/geometry/geometry.sty
Package: geometry 2020/01/02 v5.9 Page Geometry

(/usr/local/texlive/2021/texmf-dist/tex/generic/iftex/ifvtex.sty
Package: ifvtex 2019/10/25 v1.7 ifvtex legacy package. Use iftex instead.
)
\Gm@cnth=\count270
\Gm@cntv=\count271
\c@Gm@tempcnt=\count272
\Gm@bindingoffset=\dimen154
\Gm@wd@mp=\dimen155
\Gm@odd@mp=\dimen156
\Gm@even@mp=\dimen157
\Gm@layoutwidth=\dimen158
\Gm@layoutheight=\dimen159
\Gm@layouthoffset=\dimen160
\Gm@layoutvoffset=\dimen161
\Gm@dimlist=\toks16
)
(/usr/local/texlive/2021/texmf-dist/tex/latex/base/size11.clo
File: size11.clo 2020/04/10 v1.4m Standard LaTeX file (size option)
)
(/usr/local/texlive/2021/texmf-dist/tex/latex/pgf/basiclayer/pgfcore.sty
(/usr/local/texlive/2021/texmf-dist/tex/latex/graphics/graphicx.sty
Package: graphicx 2020/09/09 v1.2b Enhanced LaTeX Graphics (DPC,SPQR)

(/usr/local/texlive/2021/texmf-dist/tex/latex/graphics/graphics.sty
Package: graphics 2020/08/30 v1.4c Standard LaTeX Graphics (DPC,SPQR)

(/usr/local/texlive/2021/texmf-dist/tex/latex/graphics/trig.sty
Package: trig 2016/01/03 v1.10 sin cos tan (DPC)
)
(/usr/local/texlive/2021/texmf-dist/tex/latex/graphics-cfg/graphics.cfg
File: graphics.cfg 2016/06/04 v1.11 sample graphics configuration
)
Package graphics Info: Driver file: pdftex.def on input line 105.

(/usr/local/texlive/2021/texmf-dist/tex/latex/graphics-def/pdftex.def
File: pdftex.def 2020/10/05 v1.2a Graphics/color driver for pdftex
))
\Gin@req@height=\dimen162
\Gin@req@width=\dimen163
)
(/usr/local/texlive/2021/texmf-dist/tex/latex/pgf/systemlayer/pgfsys.sty
(/usr/local/texlive/2021/texmf-dist/tex/latex/pgf/utilities/pgfrcs.sty
(/usr/local/texlive/2021/texmf-dist/tex/generic/pgf/utilities/pgfutil-common.te
x
\pgfutil@everybye=\toks17
\pgfutil@tempdima=\dimen164
\pgfutil@tempdimb=\dimen165

(/usr/local/texlive/2021/texmf-dist/tex/generic/pgf/utilities/pgfutil-common-li
sts.tex))
(/usr/local/texlive/2021/texmf-dist/tex/generic/pgf/utilities/pgfutil-latex.def
\pgfutil@abb=\box56
) (/usr/local/texlive/2021/texmf-dist/tex/generic/pgf/utilities/pgfrcs.code.tex
(/usr/local/texlive/2021/texmf-dist/tex/generic/pgf/pgf.revision.tex)
Package: pgfrcs 2020/12/27 v3.1.8b (3.1.8b)
))
(/usr/local/texlive/2021/texmf-dist/tex/generic/pgf/systemlayer/pgfsys.code.tex
Package: pgfsys 2020/12/27 v3.1.8b (3.1.8b)
(/usr/local/texlive/2021/texmf-dist/tex/generic/pgf/utilities/pgfkeys.code.tex
\pgfkeys@pathtoks=\toks18
\pgfkeys@temptoks=\toks19

(/usr/local/texlive/2021/texmf-dist/tex/generic/pgf/utilities/pgfkeysfiltered.c
ode.tex
\pgfkeys@tmptoks=\toks20
))
\pgf@x=\dimen166
\pgf@y=\dimen167
\pgf@xa=\dimen168
\pgf@ya=\dimen169
\pgf@xb=\dimen170
\pgf@yb=\dimen171
\pgf@xc=\dimen172
\pgf@yc=\dimen173
\pgf@xd=\dimen174
\pgf@yd=\dimen175
\w@pgf@writea=\write3
\r@pgf@reada=\read2
\c@pgf@counta=\count273
\c@pgf@countb=\count274
\c@pgf@countc=\count275
\c@pgf@countd=\count276
\t@pgf@toka=\toks21
\t@pgf@tokb=\toks22
\t@pgf@tokc=\toks23
\pgf@sys@id@count=\count277

(/usr/local/texlive/2021/texmf-dist/tex/generic/pgf/systemlayer/pgf.cfg
File: pgf.cfg 2020/12/27 v3.1.8b (3.1.8b)
)
Driver file for pgf: pgfsys-pdftex.def

(/usr/local/texlive/2021/texmf-dist/tex/generic/pgf/systemlayer/pgfsys-pdftex.d
ef
File: pgfsys-pdftex.def 2020/12/27 v3.1.8b (3.1.8b)

(/usr/local/texlive/2021/texmf-dist/tex/generic/pgf/systemlayer/pgfsys-common-p
df.def
File: pgfsys-common-pdf.def 2020/12/27 v3.1.8b (3.1.8b)
)))
(/usr/local/texlive/2021/texmf-dist/tex/generic/pgf/systemlayer/pgfsyssoftpath.
code.tex
File: pgfsyssoftpath.code.tex 2020/12/27 v3.1.8b (3.1.8b)
\pgfsyssoftpath@smallbuffer@items=\count278
\pgfsyssoftpath@bigbuffer@items=\count279
)
(/usr/local/texlive/2021/texmf-dist/tex/generic/pgf/systemlayer/pgfsysprotocol.
code.tex
File: pgfsysprotocol.code.tex 2020/12/27 v3.1.8b (3.1.8b)
)) (/usr/local/texlive/2021/texmf-dist/tex/latex/xcolor/xcolor.sty
Package: xcolor 2016/05/11 v2.12 LaTeX color extensions (UK)

(/usr/local/texlive/2021/texmf-dist/tex/latex/graphics-cfg/color.cfg
File: color.cfg 2016/01/02 v1.6 sample color configuration
)
Package xcolor Info: Driver file: pdftex.def on input line 225.
Package xcolor Info: Model `cmy' substituted by `cmy0' on input line 1348.
Package xcolor Info: Model `hsb' substituted by `rgb' on input line 1352.
Package xcolor Info: Model `RGB' extended on input line 1364.
Package xcolor Info: Model `HTML' substituted by `rgb' on input line 1366.
Package xcolor Info: Model `Hsb' substituted by `hsb' on input line 1367.
Package xcolor Info: Model `tHsb' substituted by `hsb' on input line 1368.
Package xcolor Info: Model `HSB' substituted by `hsb' on input line 1369.
Package xcolor Info: Model `Gray' substituted by `gray' on input line 1370.
Package xcolor Info: Model `wave' substituted by `hsb' on input line 1371.
)
(/usr/local/texlive/2021/texmf-dist/tex/generic/pgf/basiclayer/pgfcore.code.tex
Package: pgfcore 2020/12/27 v3.1.8b (3.1.8b)
(/usr/local/texlive/2021/texmf-dist/tex/generic/pgf/math/pgfmath.code.tex
(/usr/local/texlive/2021/texmf-dist/tex/generic/pgf/math/pgfmathcalc.code.tex
(/usr/local/texlive/2021/texmf-dist/tex/generic/pgf/math/pgfmathutil.code.tex)
(/usr/local/texlive/2021/texmf-dist/tex/generic/pgf/math/pgfmathparser.code.tex
\pgfmath@dimen=\dimen176
\pgfmath@count=\count280
\pgfmath@box=\box57
\pgfmath@toks=\toks24
\pgfmath@stack@operand=\toks25
\pgfmath@stack@operation=\toks26
)
(/usr/local/texlive/2021/texmf-dist/tex/generic/pgf/math/pgfmathfunctions.code.
tex
(/usr/local/texlive/2021/texmf-dist/tex/generic/pgf/math/pgfmathfunctions.basic
.code.tex)
(/usr/local/texlive/2021/texmf-dist/tex/generic/pgf/math/pgfmathfunctions.trigo
nometric.code.tex)
(/usr/local/texlive/2021/texmf-dist/tex/generic/pgf/math/pgfmathfunctions.rando
m.code.tex)
(/usr/local/texlive/2021/texmf-dist/tex/generic/pgf/math/pgfmathfunctions.compa
rison.code.tex)
(/usr/local/texlive/2021/texmf-dist/tex/generic/pgf/math/pgfmathfunctions.base.
code.tex)
(/usr/local/texlive/2021/texmf-dist/tex/generic/pgf/math/pgfmathfunctions.round
.code.tex)
(/usr/local/texlive/2021/texmf-dist/tex/generic/pgf/math/pgfmathfunctions.misc.
code.tex)
(/usr/local/texlive/2021/texmf-dist/tex/generic/pgf/math/pgfmathfunctions.integ
erarithmetics.code.tex)))
(/usr/local/texlive/2021/texmf-dist/tex/generic/pgf/math/pgfmathfloat.code.tex
\c@pgfmathroundto@lastzeros=\count281
)) (/usr/local/texlive/2021/texmf-dist/tex/generic/pgf/math/pgfint.code.tex)
(/usr/local/texlive/2021/texmf-dist/tex/generic/pgf/basiclayer/pgfcorepoints.co
de.tex
File: pgfcorepoints.code.tex 2020/12/27 v3.1.8b (3.1.8b)
\pgf@picminx=\dimen177
\pgf@picmaxx=\dimen178
\pgf@picminy=\dimen179
\pgf@picmaxy=\dimen180
\pgf@pathminx=\dimen181
\pgf@pathmaxx=\dimen182
\pgf@pathminy=\dimen183
\pgf@pathmaxy=\dimen184
\pgf@xx=\dimen185
\pgf@xy=\dimen186
\pgf@yx=\dimen187
\pgf@yy=\dimen188
\pgf@zx=\dimen189
\pgf@zy=\dimen190
)
(/usr/local/texlive/2021/texmf-dist/tex/generic/pgf/basiclayer/pgfcorepathconst
ruct.code.tex
File: pgfcorepathconstruct.code.tex 2020/12/27 v3.1.8b (3.1.8b)
\pgf@path@lastx=\dimen191
\pgf@path@lasty=\dimen192
)
(/usr/local/texlive/2021/texmf-dist/tex/generic/pgf/basiclayer/pgfcorepathusage
.code.tex
File: pgfcorepathusage.code.tex 2020/12/27 v3.1.8b (3.1.8b)
\pgf@shorten@end@additional=\dimen193
\pgf@shorten@start@additional=\dimen194
)
(/usr/local/texlive/2021/texmf-dist/tex/generic/pgf/basiclayer/pgfcorescopes.co
de.tex
File: pgfcorescopes.code.tex 2020/12/27 v3.1.8b (3.1.8b)
\pgfpic=\box58
\pgf@hbox=\box59
\pgf@layerbox@main=\box60
\pgf@picture@serial@count=\count282
)
(/usr/local/texlive/2021/texmf-dist/tex/generic/pgf/basiclayer/pgfcoregraphicst
ate.code.tex
File: pgfcoregraphicstate.code.tex 2020/12/27 v3.1.8b (3.1.8b)
\pgflinewidth=\dimen195
)
(/usr/local/texlive/2021/texmf-dist/tex/generic/pgf/basiclayer/pgfcoretransform
ations.code.tex
File: pgfcoretransformations.code.tex 2020/12/27 v3.1.8b (3.1.8b)
\pgf@pt@x=\dimen196
\pgf@pt@y=\dimen197
\pgf@pt@temp=\dimen198
)
(/usr/local/texlive/2021/texmf-dist/tex/generic/pgf/basiclayer/pgfcorequick.cod
e.tex
File: pgfcorequick.code.tex 2020/12/27 v3.1.8b (3.1.8b)
)
(/usr/local/texlive/2021/texmf-dist/tex/generic/pgf/basiclayer/pgfcoreobjects.c
ode.tex
File: pgfcoreobjects.code.tex 2020/12/27 v3.1.8b (3.1.8b)
)
(/usr/local/texlive/2021/texmf-dist/tex/generic/pgf/basiclayer/pgfcorepathproce
ssing.code.tex
File: pgfcorepathprocessing.code.tex 2020/12/27 v3.1.8b (3.1.8b)
)
(/usr/local/texlive/2021/texmf-dist/tex/generic/pgf/basiclayer/pgfcorearrows.co
de.tex
File: pgfcorearrows.code.tex 2020/12/27 v3.1.8b (3.1.8b)
\pgfarrowsep=\dimen199
)
(/usr/local/texlive/2021/texmf-dist/tex/generic/pgf/basiclayer/pgfcoreshade.cod
e.tex
File: pgfcoreshade.code.tex 2020/12/27 v3.1.8b (3.1.8b)
\pgf@max=\dimen256
\pgf@sys@shading@range@num=\count283
\pgf@shadingcount=\count284
)
(/usr/local/texlive/2021/texmf-dist/tex/generic/pgf/basiclayer/pgfcoreimage.cod
e.tex
File: pgfcoreimage.code.tex 2020/12/27 v3.1.8b (3.1.8b)

(/usr/local/texlive/2021/texmf-dist/tex/generic/pgf/basiclayer/pgfcoreexternal.
code.tex
File: pgfcoreexternal.code.tex 2020/12/27 v3.1.8b (3.1.8b)
\pgfexternal@startupbox=\box61
))
(/usr/local/texlive/2021/texmf-dist/tex/generic/pgf/basiclayer/pgfcorelayers.co
de.tex
File: pgfcorelayers.code.tex 2020/12/27 v3.1.8b (3.1.8b)
)
(/usr/local/texlive/2021/texmf-dist/tex/generic/pgf/basiclayer/pgfcoretranspare
ncy.code.tex
File: pgfcoretransparency.code.tex 2020/12/27 v3.1.8b (3.1.8b)
)
(/usr/local/texlive/2021/texmf-dist/tex/generic/pgf/basiclayer/pgfcorepatterns.
code.tex
File: pgfcorepatterns.code.tex 2020/12/27 v3.1.8b (3.1.8b)
)
(/usr/local/texlive/2021/texmf-dist/tex/generic/pgf/basiclayer/pgfcorerdf.code.
tex
File: pgfcorerdf.code.tex 2020/12/27 v3.1.8b (3.1.8b)
))) (/usr/local/texlive/2021/texmf-dist/tex/latex/pgf/utilities/xxcolor.sty
Package: xxcolor 2003/10/24 ver 0.1
\XC@nummixins=\count285
\XC@countmixins=\count286
) (/usr/local/texlive/2021/texmf-dist/tex/latex/base/atbegshi-ltx.sty
Package: atbegshi-ltx 2020/08/17 v1.0a Emulation of the original atbegshi packa
ge
with kernel methods
)
(/usr/local/texlive/2021/texmf-dist/tex/latex/hyperref/hyperref.sty
Package: hyperref 2021-02-27 v7.00k Hypertext links for LaTeX

(/usr/local/texlive/2021/texmf-dist/tex/generic/ltxcmds/ltxcmds.sty
Package: ltxcmds 2020-05-10 v1.25 LaTeX kernel commands for general use (HO)
)
(/usr/local/texlive/2021/texmf-dist/tex/generic/pdftexcmds/pdftexcmds.sty
Package: pdftexcmds 2020-06-27 v0.33 Utility functions of pdfTeX for LuaTeX (HO
)

(/usr/local/texlive/2021/texmf-dist/tex/generic/infwarerr/infwarerr.sty
Package: infwarerr 2019/12/03 v1.5 Providing info/warning/error messages (HO)
)
Package pdftexcmds Info: \pdf@primitive is available.
Package pdftexcmds Info: \pdf@ifprimitive is available.
Package pdftexcmds Info: \pdfdraftmode found.
)
(/usr/local/texlive/2021/texmf-dist/tex/generic/kvsetkeys/kvsetkeys.sty
Package: kvsetkeys 2019/12/15 v1.18 Key value parser (HO)
)
(/usr/local/texlive/2021/texmf-dist/tex/generic/kvdefinekeys/kvdefinekeys.sty
Package: kvdefinekeys 2019-12-19 v1.6 Define keys (HO)
)
(/usr/local/texlive/2021/texmf-dist/tex/generic/pdfescape/pdfescape.sty
Package: pdfescape 2019/12/09 v1.15 Implements pdfTeX's escape features (HO)
)
(/usr/local/texlive/2021/texmf-dist/tex/latex/hycolor/hycolor.sty
Package: hycolor 2020-01-27 v1.10 Color options for hyperref/bookmark (HO)
)
(/usr/local/texlive/2021/texmf-dist/tex/latex/letltxmacro/letltxmacro.sty
Package: letltxmacro 2019/12/03 v1.6 Let assignment for LaTeX macros (HO)
)
(/usr/local/texlive/2021/texmf-dist/tex/latex/auxhook/auxhook.sty
Package: auxhook 2019-12-17 v1.6 Hooks for auxiliary files (HO)
)
(/usr/local/texlive/2021/texmf-dist/tex/latex/kvoptions/kvoptions.sty
Package: kvoptions 2020-10-07 v3.14 Key value format for package options (HO)
)
\@linkdim=\dimen257
\Hy@linkcounter=\count287
\Hy@pagecounter=\count288

(/usr/local/texlive/2021/texmf-dist/tex/latex/hyperref/pd1enc.def
File: pd1enc.def 2021-02-27 v7.00k Hyperref: PDFDocEncoding definition (HO)
Now handling font encoding PD1 ...
... no UTF-8 mapping file for font encoding PD1
)
(/usr/local/texlive/2021/texmf-dist/tex/latex/hyperref/hyperref-langpatches.def
File: hyperref-langpatches.def 2021-02-27 v7.00k Hyperref: patches for babel la
nguages
) (/usr/local/texlive/2021/texmf-dist/tex/generic/intcalc/intcalc.sty
Package: intcalc 2019/12/15 v1.3 Expandable calculations with integers (HO)
)
(/usr/local/texlive/2021/texmf-dist/tex/generic/etexcmds/etexcmds.sty
Package: etexcmds 2019/12/15 v1.7 Avoid name clashes with e-TeX commands (HO)
)
\Hy@SavedSpaceFactor=\count289

(/usr/local/texlive/2021/texmf-dist/tex/latex/hyperref/puenc.def
File: puenc.def 2021-02-27 v7.00k Hyperref: PDF Unicode definition (HO)
Now handling font encoding PU ...
... no UTF-8 mapping file for font encoding PU
)
Package hyperref Info: Option `bookmarks' set `true' on input line 4073.
Package hyperref Info: Option `bookmarksopen' set `true' on input line 4073.
Package hyperref Info: Option `implicit' set `false' on input line 4073.
Package hyperref Info: Hyper figures OFF on input line 4192.
Package hyperref Info: Link nesting OFF on input line 4197.
Package hyperref Info: Hyper index ON on input line 4200.
Package hyperref Info: Plain pages OFF on input line 4207.
Package hyperref Info: Backreferencing OFF on input line 4212.
Package hyperref Info: Implicit mode OFF; no redefinition of LaTeX internals.
Package hyperref Info: Bookmarks ON on input line 4445.
\c@Hy@tempcnt=\count290

(/usr/local/texlive/2021/texmf-dist/tex/latex/url/url.sty
\Urlmuskip=\muskip16
Package: url 2013/09/16  ver 3.4  Verb mode for urls, etc.
)
LaTeX Info: Redefining \url on input line 4804.
\XeTeXLinkMargin=\dimen258

(/usr/local/texlive/2021/texmf-dist/tex/generic/bitset/bitset.sty
Package: bitset 2019/12/09 v1.3 Handle bit-vector datatype (HO)

(/usr/local/texlive/2021/texmf-dist/tex/generic/bigintcalc/bigintcalc.sty
Package: bigintcalc 2019/12/15 v1.5 Expandable calculations on big integers (HO
)
))
\Fld@menulength=\count291
\Field@Width=\dimen259
\Fld@charsize=\dimen260
Package hyperref Info: Hyper figures OFF on input line 6075.
Package hyperref Info: Link nesting OFF on input line 6080.
Package hyperref Info: Hyper index ON on input line 6083.
Package hyperref Info: backreferencing OFF on input line 6090.
Package hyperref Info: Link coloring OFF on input line 6095.
Package hyperref Info: Link coloring with OCG OFF on input line 6100.
Package hyperref Info: PDF/A mode OFF on input line 6105.
LaTeX Info: Redefining \ref on input line 6145.
LaTeX Info: Redefining \pageref on input line 6149.
\Hy@abspage=\count292


Package hyperref Message: Stopped early.

)
Package hyperref Info: Driver (autodetected): hpdftex.
 (/usr/local/texlive/2021/texmf-dist/tex/latex/hyperref/hpdftex.def
File: hpdftex.def 2021-02-27 v7.00k Hyperref driver for pdfTeX

(/usr/local/texlive/2021/texmf-dist/tex/latex/base/atveryend-ltx.sty
Package: atveryend-ltx 2020/08/19 v1.0a Emulation of the original atvery packag
e
with kernel methods
)
\Fld@listcount=\count293
\c@bookmark@seq@number=\count294

(/usr/local/texlive/2021/texmf-dist/tex/latex/rerunfilecheck/rerunfilecheck.sty
Package: rerunfilecheck 2019/12/05 v1.9 Rerun checks for auxiliary files (HO)

(/usr/local/texlive/2021/texmf-dist/tex/generic/uniquecounter/uniquecounter.sty
Package: uniquecounter 2019/12/15 v1.4 Provide unlimited unique counter (HO)
)
Package uniquecounter Info: New unique counter `rerunfilecheck' on input line 2
86.
)) (/usr/local/texlive/2021/texmf-dist/tex/latex/beamer/beamerbaserequires.sty
(/usr/local/texlive/2021/texmf-dist/tex/latex/beamer/beamerbasecompatibility.st
y) (/usr/local/texlive/2021/texmf-dist/tex/latex/beamer/beamerbasefont.sty
(/usr/local/texlive/2021/texmf-dist/tex/latex/amsfonts/amssymb.sty
Package: amssymb 2013/01/14 v3.01 AMS font symbols

(/usr/local/texlive/2021/texmf-dist/tex/latex/amsfonts/amsfonts.sty
Package: amsfonts 2013/01/14 v3.01 Basic AMSFonts support
\@emptytoks=\toks27
\symAMSa=\mathgroup4
\symAMSb=\mathgroup5
LaTeX Font Info:    Redeclaring math symbol \hbar on input line 98.
LaTeX Font Info:    Overwriting math alphabet `\mathfrak' in version `bold'
(Font)                  U/euf/m/n --> U/euf/b/n on input line 106.
))
(/usr/local/texlive/2021/texmf-dist/tex/latex/sansmathaccent/sansmathaccent.sty
Package: sansmathaccent 2020/01/31
(/usr/local/texlive/2021/texmf-dist/tex/latex/koma-script/scrlfile.sty
Package: scrlfile 2021/03/17 v3.33 KOMA-Script package (file load hooks)

(/usr/local/texlive/2021/texmf-dist/tex/latex/koma-script/scrlfile-hook.sty
Package: scrlfile-hook 2021/03/17 v3.33 KOMA-Script package (using LaTeX hooks)


LaTeX3 Info: Defining command \BeforeFile with sig. 'm' on line 61.


LaTeX3 Info: Defining command \AfterFile with sig. 'm' on line 65.


LaTeX3 Info: Defining command \BeforeClass with sig. 'm' on line 69.


LaTeX3 Info: Defining command \BeforePackage with sig. 'm' on line 73.


LaTeX3 Info: Defining command \AfterAtEndOfClass with sig. 'smo+m' on line 83.


LaTeX3 Info: Defining command \AfterAtEndOfPackage with sig. 'smo+m' on line
(LaTeX3)     93.


LaTeX3 Info: Defining command \scrlfile@AfterClass with sig. 'smo+m' on line
(LaTeX3)     173.


LaTeX3 Info: Defining command \AfterClass with sig. '' on line 174.


LaTeX3 Info: Defining command \scrlfile@AfterPackage with sig. 'smo+m' on line
(LaTeX3)     191.


LaTeX3 Info: Defining command \AfterPackage with sig. '' on line 192.


LaTeX3 Info: Defining command \ReplaceInput with sig. '' on line 193.


LaTeX3 Info: Defining command \ReplaceClass with sig. 'mm' on line 196.


LaTeX3 Info: Defining command \ReplacePackage with sig. 'mm' on line 199.


LaTeX3 Info: Defining command \UnReplaceInput with sig. '' on line 200.


LaTeX3 Info: Defining command \UnReplaceClass with sig. 'm' on line 203.


LaTeX3 Info: Defining command \UnReplacePackage with sig. 'mm' on line 206.


LaTeX3 Info: Defining command \PreventPackageFromLoading with sig. 's+om' on
(LaTeX3)     line 234.


LaTeX3 Info: Defining command \StorePreventPackageFromLoading with sig. 'm' on
(LaTeX3)     line 242.


LaTeX3 Info: Defining command \ResetPreventPackageFromLoading with sig. '' on
(LaTeX3)     line 247.


LaTeX3 Info: Defining command \UnPreventPackageFromLoading with sig. 'sm' on
(LaTeX3)     line 261.


LaTeX3 Info: Defining command \BeforeClosingMainAux with sig. 'om' on line
(LaTeX3)     274.


LaTeX3 Info: Defining command \AfterReadingMainAux with sig. 'om' on line 287.


LaTeX3 Info: Defining command \protected@immediate@write with sig. 'm+m+m' on
(LaTeX3)     line 298.


(/usr/local/texlive/2021/texmf-dist/tex/latex/koma-script/scrlogo.sty
Package: scrlogo 2021/03/17 v3.33 KOMA-Script package (logo)
)))))
(/usr/local/texlive/2021/texmf-dist/tex/latex/beamer/beamerbasetranslator.sty
(/usr/local/texlive/2021/texmf-dist/tex/latex/translator/translator.sty
Package: translator 2020-08-03 v1.12c Easy translation of strings in LaTeX
))
(/usr/local/texlive/2021/texmf-dist/tex/latex/beamer/beamerbasemisc.sty)
(/usr/local/texlive/2021/texmf-dist/tex/latex/beamer/beamerbasetwoscreens.sty)
(/usr/local/texlive/2021/texmf-dist/tex/latex/beamer/beamerbaseoverlay.sty
\beamer@argscount=\count295
\beamer@lastskipcover=\skip50
\beamer@trivlistdepth=\count296
)
(/usr/local/texlive/2021/texmf-dist/tex/latex/beamer/beamerbasetitle.sty)
(/usr/local/texlive/2021/texmf-dist/tex/latex/beamer/beamerbasesection.sty
\c@lecture=\count297
\c@part=\count298
\c@section=\count299
\c@subsection=\count300
\c@subsubsection=\count301
)
(/usr/local/texlive/2021/texmf-dist/tex/latex/beamer/beamerbaseframe.sty
\beamer@framebox=\box62
\beamer@frametitlebox=\box63
\beamer@zoombox=\box64
\beamer@zoomcount=\count302
\beamer@zoomframecount=\count303
\beamer@frametextheight=\dimen261
\c@subsectionslide=\count304
\beamer@frametopskip=\skip51
\beamer@framebottomskip=\skip52
\beamer@frametopskipautobreak=\skip53
\beamer@framebottomskipautobreak=\skip54
\beamer@envbody=\toks28
\framewidth=\dimen262
\c@framenumber=\count305
)
(/usr/local/texlive/2021/texmf-dist/tex/latex/beamer/beamerbaseverbatim.sty
\beamer@verbatimfileout=\write4
)
(/usr/local/texlive/2021/texmf-dist/tex/latex/beamer/beamerbaseframesize.sty
\beamer@splitbox=\box65
\beamer@autobreakcount=\count306
\beamer@autobreaklastheight=\dimen263
\beamer@frametitletoks=\toks29
\beamer@framesubtitletoks=\toks30
)
(/usr/local/texlive/2021/texmf-dist/tex/latex/beamer/beamerbaseframecomponents.
sty
\beamer@footins=\box66
) (/usr/local/texlive/2021/texmf-dist/tex/latex/beamer/beamerbasecolor.sty)
(/usr/local/texlive/2021/texmf-dist/tex/latex/beamer/beamerbasenotes.sty
\beamer@frameboxcopy=\box67
)
(/usr/local/texlive/2021/texmf-dist/tex/latex/beamer/beamerbasetoc.sty)
(/usr/local/texlive/2021/texmf-dist/tex/latex/beamer/beamerbasetemplates.sty
\beamer@sbttoks=\toks31

(/usr/local/texlive/2021/texmf-dist/tex/latex/beamer/beamerbaseauxtemplates.sty
(/usr/local/texlive/2021/texmf-dist/tex/latex/beamer/beamerbaseboxes.sty
\bmb@box=\box68
\bmb@colorbox=\box69
\bmb@boxwidth=\dimen264
\bmb@boxheight=\dimen265
\bmb@prevheight=\dimen266
\bmb@temp=\dimen267
\bmb@dima=\dimen268
\bmb@dimb=\dimen269
\bmb@prevheight=\dimen270
)
\beamer@blockheadheight=\dimen271
))
(/usr/local/texlive/2021/texmf-dist/tex/latex/beamer/beamerbaselocalstructure.s
ty (/usr/local/texlive/2021/texmf-dist/tex/latex/tools/enumerate.sty
Package: enumerate 2015/07/23 v3.00 enumerate extensions (DPC)
\@enLab=\toks32
)
\beamer@bibiconwidth=\skip55
\c@figure=\count307
\c@table=\count308
\abovecaptionskip=\skip56
\belowcaptionskip=\skip57
)
(/usr/local/texlive/2021/texmf-dist/tex/latex/beamer/beamerbasenavigation.sty
\beamer@section@min@dim=\dimen272
)
(/usr/local/texlive/2021/texmf-dist/tex/latex/beamer/beamerbasetheorems.sty
(/usr/local/texlive/2021/texmf-dist/tex/latex/amsmath/amsmath.sty
Package: amsmath 2020/09/23 v2.17i AMS math features
\@mathmargin=\skip58

For additional information on amsmath, use the `?' option.
(/usr/local/texlive/2021/texmf-dist/tex/latex/amsmath/amstext.sty
Package: amstext 2000/06/29 v2.01 AMS text

(/usr/local/texlive/2021/texmf-dist/tex/latex/amsmath/amsgen.sty
File: amsgen.sty 1999/11/30 v2.0 generic functions
\@emptytoks=\toks33
\ex@=\dimen273
))
(/usr/local/texlive/2021/texmf-dist/tex/latex/amsmath/amsbsy.sty
Package: amsbsy 1999/11/29 v1.2d Bold Symbols
\pmbraise@=\dimen274
)
(/usr/local/texlive/2021/texmf-dist/tex/latex/amsmath/amsopn.sty
Package: amsopn 2016/03/08 v2.02 operator names
)
\inf@bad=\count309
LaTeX Info: Redefining \frac on input line 234.
\uproot@=\count310
\leftroot@=\count311
LaTeX Info: Redefining \overline on input line 399.
\classnum@=\count312
\DOTSCASE@=\count313
LaTeX Info: Redefining \ldots on input line 496.
LaTeX Info: Redefining \dots on input line 499.
LaTeX Info: Redefining \cdots on input line 620.
\Mathstrutbox@=\box70
\strutbox@=\box71
\big@size=\dimen275
LaTeX Font Info:    Redeclaring font encoding OML on input line 743.
LaTeX Font Info:    Redeclaring font encoding OMS on input line 744.
\macc@depth=\count314
\c@MaxMatrixCols=\count315
\dotsspace@=\muskip17
\c@parentequation=\count316
\dspbrk@lvl=\count317
\tag@help=\toks34
\row@=\count318
\column@=\count319
\maxfields@=\count320
\andhelp@=\toks35
\eqnshift@=\dimen276
\alignsep@=\dimen277
\tagshift@=\dimen278
\tagwidth@=\dimen279
\totwidth@=\dimen280
\lineht@=\dimen281
\@envbody=\toks36
\multlinegap=\skip59
\multlinetaggap=\skip60
\mathdisplay@stack=\toks37
LaTeX Info: Redefining \[ on input line 2923.
LaTeX Info: Redefining \] on input line 2924.
)
(/usr/local/texlive/2021/texmf-dist/tex/latex/amscls/amsthm.sty
Package: amsthm 2020/05/29 v2.20.6
\thm@style=\toks38
\thm@bodyfont=\toks39
\thm@headfont=\toks40
\thm@notefont=\toks41
\thm@headpunct=\toks42
\thm@preskip=\skip61
\thm@postskip=\skip62
\thm@headsep=\skip63
\dth@everypar=\toks43
)
\c@theorem=\count321
)
(/usr/local/texlive/2021/texmf-dist/tex/latex/beamer/beamerbasethemes.sty))
(/usr/local/texlive/2021/texmf-dist/tex/latex/beamer/beamerthemedefault.sty
(/usr/local/texlive/2021/texmf-dist/tex/latex/beamer/beamerfontthemedefault.sty
)
(/usr/local/texlive/2021/texmf-dist/tex/latex/beamer/beamercolorthemedefault.st
y)
(/usr/local/texlive/2021/texmf-dist/tex/latex/beamer/beamerinnerthemedefault.st
y
\beamer@dima=\dimen282
\beamer@dimb=\dimen283
)
(/usr/local/texlive/2021/texmf-dist/tex/latex/beamer/beamerouterthemedefault.st
y))) (/usr/local/texlive/2021/texmf-dist/tex/latex/beamer/beamerthemeWarsaw.sty

(/usr/local/texlive/2021/texmf-dist/tex/latex/beamer/beamerinnerthemerounded.st
y)
(/usr/local/texlive/2021/texmf-dist/tex/latex/beamer/beamerouterthemeshadow.sty
(/usr/local/texlive/2021/texmf-dist/tex/latex/beamer/beamerouterthemesplit.sty)
)
(/usr/local/texlive/2021/texmf-dist/tex/latex/beamer/beamercolorthemeorchid.sty
)
(/usr/local/texlive/2021/texmf-dist/tex/latex/beamer/beamercolorthemewhale.sty)
) (/usr/local/texlive/2021/texmf-dist/tex/latex/bookmark/bookmark.sty
Package: bookmark 2020-11-06 v1.29 PDF bookmarks (HO)

(/usr/local/texlive/2021/texmf-dist/tex/latex/bookmark/bkm-pdftex.def
File: bkm-pdftex.def 2020-11-06 v1.29 bookmark driver for pdfTeX (HO)
\BKM@id=\count322
))
(/usr/local/texlive/2021/texmf-dist/tex/latex/tdclock/tdclock.sty
Package: tdclock 2014/02/21 v2.5 clock accessory

(/usr/local/texlive/2021/texmf-dist/tex/latex/xkeyval/xkeyval.sty
Package: xkeyval 2020/11/20 v2.8 package option processing (HA)

(/usr/local/texlive/2021/texmf-dist/tex/generic/xkeyval/xkeyval.tex
(/usr/local/texlive/2021/texmf-dist/tex/generic/xkeyval/xkvutils.tex
\XKV@toks=\toks44
\XKV@tempa@toks=\toks45
)
\XKV@depth=\count323
File: xkeyval.tex 2014/12/03 v2.7a key=value parser (HA)
))
\clock@fontsize=\dimen284
\clock@height=\dimen285
\sizebox=\box72
)
(/usr/local/texlive/2021/texmf-dist/tex/latex/algorithm2e/algorithm2e.sty
Package: algorithm2e 2017/07/18 v5.2 algorithms environments
\c@AlgoLine=\count324

(/usr/local/texlive/2021/texmf-dist/tex/latex/base/ifthen.sty
Package: ifthen 2014/09/29 v1.1c Standard LaTeX ifthen package (DPC)
)
\algocf@hangindent=\skip64

(/usr/local/texlive/2021/texmf-dist/tex/latex/ifoddpage/ifoddpage.sty
Package: ifoddpage 2016/04/23 v1.1 Conditionals for odd/even page detection
\c@checkoddpage=\count325
)
(/usr/local/texlive/2021/texmf-dist/tex/latex/tools/xspace.sty
Package: xspace 2014/10/28 v1.13 Space after command names (DPC,MH)
)
(/usr/local/texlive/2021/texmf-dist/tex/latex/relsize/relsize.sty
Package: relsize 2013/03/29 ver 4.1
)
\skiptotal=\skip65
\skiplinenumber=\skip66
\skiprule=\skip67
\skiphlne=\skip68
\skiptext=\skip69
\skiplength=\skip70
\algomargin=\skip71
\skipalgocfslide=\skip72
\algowidth=\dimen286
\inoutsize=\dimen287
\inoutindent=\dimen288
\interspacetitleruled=\dimen289
\interspacealgoruled=\dimen290
\interspacetitleboxruled=\dimen291
\algocf@ruledwidth=\skip73
\algocf@inoutbox=\box73
\algocf@inputbox=\box74
\AlCapSkip=\skip74
\AlCapHSkip=\skip75
\algoskipindent=\skip76
\algocf@nlbox=\box75
\algocf@hangingbox=\box76
\algocf@untilbox=\box77
\algocf@skipuntil=\skip77
\algocf@capbox=\box78
\algocf@lcaptionbox=\skip78
\algoheightruledefault=\skip79
\algoheightrule=\skip80
\algotitleheightruledefault=\skip81
\algotitleheightrule=\skip82
\c@algocfline=\count326
\c@algocfproc=\count327
\c@algocf=\count328
\algocf@algoframe=\box79
\algocf@algobox=\box80
)
(/usr/local/texlive/2021/texmf-dist/tex/latex/algorithms/algorithmic.sty
Package: algorithmic 2009/08/24 v0.1 Document Style `algorithmic'
\c@ALC@unique=\count329
\c@ALC@line=\count330
\c@ALC@rem=\count331
\c@ALC@depth=\count332
\ALC@tlm=\skip83
\algorithmicindent=\skip84
)
(/usr/local/texlive/2021/texmf-dist/tex/latex/float/float.sty
Package: float 2001/11/08 v1.3d Float enhancements (AL)
\c@float@type=\count333
\float@exts=\toks46
\float@box=\box81
\@float@everytoks=\toks47
\@floatcapt=\box82
)
(/usr/local/texlive/2021/texmf-dist/tex/latex/caption/caption.sty
Package: caption 2020/10/26 v3.5g Customizing captions (AR)

(/usr/local/texlive/2021/texmf-dist/tex/latex/caption/caption3.sty
Package: caption3 2020/10/21 v2.2e caption3 kernel (AR)
\captionmargin=\dimen292
\captionmargin@=\dimen293
\captionwidth=\dimen294
\caption@tempdima=\dimen295
\caption@indent=\dimen296
\caption@parindent=\dimen297
\caption@hangindent=\dimen298
Package caption Info: beamer document class detected.

(/usr/local/texlive/2021/texmf-dist/tex/latex/caption/caption-beamer.sto
File: caption-beamer.sto 2020/08/22 v2.0 Adaption of the caption package to the
 beamer document classes (AR)
))
\c@caption@flags=\count334
\c@continuedfloat=\count335
Package caption Info: float package is loaded.
Package caption Info: hyperref package is loaded.
Package caption Info: Hyperref support is turned off
(caption)             because hyperref has stopped early.
)
(/usr/local/texlive/2021/texmf-dist/tex/latex/psnfss/pifont.sty
Package: pifont 2020/03/25 PSNFSS-v9.3 Pi font support (SPQR) 
LaTeX Font Info:    Trying to load font information for U+pzd on input line 63.


(/usr/local/texlive/2021/texmf-dist/tex/latex/psnfss/upzd.fd
File: upzd.fd 2001/06/04 font definitions for U/pzd.
)
LaTeX Font Info:    Trying to load font information for U+psy on input line 64.


(/usr/local/texlive/2021/texmf-dist/tex/latex/psnfss/upsy.fd
File: upsy.fd 2001/06/04 font definitions for U/psy.
))
(/usr/local/texlive/2021/texmf-dist/tex/latex/jknapltx/mathrsfs.sty
Package: mathrsfs 1996/01/01 Math RSFS package v1.0 (jk)
\symrsfs=\mathgroup6
)
(/usr/local/texlive/2021/texmf-dist/tex/latex/graphics/epsfig.sty
Package: epsfig 2017/06/25 v1.7b (e)psfig emulation (SPQR)
\epsfxsize=\dimen299
\epsfysize=\dimen300
)
(/usr/local/texlive/2021/texmf-dist/tex/latex/base/latexsym.sty
Package: latexsym 1998/08/17 v2.2e Standard LaTeX package (lasy symbols)
\symlasy=\mathgroup7
LaTeX Font Info:    Overwriting symbol font `lasy' in version `bold'
(Font)                  U/lasy/m/n --> U/lasy/b/n on input line 52.
)
(/usr/local/texlive/2021/texmf-dist/tex/latex/tools/longtable.sty
Package: longtable 2020/01/07 v4.13 Multi-page Table package (DPC)
\LTleft=\skip85
\LTright=\skip86
\LTpre=\skip87
\LTpost=\skip88
\LTchunksize=\count336
\LTcapwidth=\dimen301
\LT@head=\box83
\LT@firsthead=\box84
\LT@foot=\box85
\LT@lastfoot=\box86
\LT@cols=\count337
\LT@rows=\count338
\c@LT@tables=\count339
\c@LT@chunks=\count340
\LT@p@ftn=\toks48
)
(/usr/local/texlive/2021/texmf-dist/tex/latex/booktabs/booktabs.sty
Package: booktabs 2020/01/12 v1.61803398 Publication quality tables
\heavyrulewidth=\dimen302
\lightrulewidth=\dimen303
\cmidrulewidth=\dimen304
\belowrulesep=\dimen305
\belowbottomsep=\dimen306
\aboverulesep=\dimen307
\abovetopsep=\dimen308
\cmidrulesep=\dimen309
\cmidrulekern=\dimen310
\defaultaddspace=\dimen311
\@cmidla=\count341
\@cmidlb=\count342
\@aboverulesep=\dimen312
\@belowrulesep=\dimen313
\@thisruleclass=\count343
\@lastruleclass=\count344
\@thisrulewidth=\dimen314
)
(/usr/local/texlive/2021/texmf-dist/tex/latex/subfigure/subfigure.sty
Package: subfigure 2002/03/15 v2.1.5 subfigure package
\subfigtopskip=\skip89
\subfigcapskip=\skip90
\subfigcaptopadj=\dimen315
\subfigbottomskip=\skip91
\subfigcapmargin=\dimen316
\subfiglabelskip=\skip92
\c@subfigure=\count345
\c@lofdepth=\count346
\c@subtable=\count347
\c@lotdepth=\count348

****************************************
* Local config file subfigure.cfg used *
****************************************
(/usr/local/texlive/2021/texmf-dist/tex/latex/subfigure/subfigure.cfg)
\subfig@top=\skip93
\subfig@bottom=\skip94
)
(/usr/local/texlive/2021/texmf-dist/tex/latex/multirow/multirow.sty
Package: multirow 2021/03/15 v2.8 Span multiple rows of a table
\multirow@colwidth=\skip95
\multirow@cntb=\count349
\multirow@dima=\skip96
\bigstrutjot=\dimen317
)
(/usr/local/texlive/2021/texmf-dist/tex/latex/natbib/natbib.sty
Package: natbib 2010/09/13 8.31b (PWD, AO)
\bibhang=\skip97
\bibsep=\skip98
LaTeX Info: Redefining \cite on input line 694.
\c@NAT@ctr=\count350
)
(/usr/local/texlive/2021/texmf-dist/tex/latex/pict2e/pict2e.sty
Package: pict2e 2020/09/30 v0.4b Improved picture commands (HjG,RN,JT)

(/usr/local/texlive/2021/texmf-dist/tex/latex/pict2e/pict2e.cfg
File: pict2e.cfg 2016/02/05 v0.1u pict2e configuration for teTeX/TeXLive
)
Package pict2e Info: Driver file: pdftex.def on input line 112.
Package pict2e Info: Driver file for pict2e: p2e-pdftex.def on input line 114.

(/usr/local/texlive/2021/texmf-dist/tex/latex/pict2e/p2e-pdftex.def
File: p2e-pdftex.def 2016/02/05 v0.1u Driver-dependant file (RN,HjG,JT)
)
\pIIe@GRAPH=\toks49
\@arclen=\dimen318
\@arcrad=\dimen319
\pIIe@tempdima=\dimen320
\pIIe@tempdimb=\dimen321
\pIIe@tempdimc=\dimen322
\pIIe@tempdimd=\dimen323
\pIIe@tempdime=\dimen324
\pIIe@tempdimf=\dimen325
)
(/usr/local/texlive/2021/texmf-dist/tex/latex/cases/cases.sty
Package: cases 2020/03/29 ver 3.2
\numc@numwid=\dimen326
)
(/usr/local/texlive/2021/texmf-dist/tex/latex/sttools/stfloats.sty
Package: stfloats 2017/03/27 v3.3 Improve float mechanism and baselineskip sett
ings
\@dblbotnum=\count351
\c@dblbotnumber=\count352
)
(/usr/local/texlive/2021/texmf-dist/tex/latex/lm/lmodern.sty
Package: lmodern 2015/05/01 v1.6.1 Latin Modern Fonts
LaTeX Font Info:    Overwriting symbol font `operators' in version `normal'
(Font)                  OT1/cmr/m/n --> OT1/lmr/m/n on input line 22.
LaTeX Font Info:    Overwriting symbol font `letters' in version `normal'
(Font)                  OML/cmm/m/it --> OML/lmm/m/it on input line 23.
LaTeX Font Info:    Overwriting symbol font `symbols' in version `normal'
(Font)                  OMS/cmsy/m/n --> OMS/lmsy/m/n on input line 24.
LaTeX Font Info:    Overwriting symbol font `largesymbols' in version `normal'
(Font)                  OMX/cmex/m/n --> OMX/lmex/m/n on input line 25.
LaTeX Font Info:    Overwriting symbol font `operators' in version `bold'
(Font)                  OT1/cmr/bx/n --> OT1/lmr/bx/n on input line 26.
LaTeX Font Info:    Overwriting symbol font `letters' in version `bold'
(Font)                  OML/cmm/b/it --> OML/lmm/b/it on input line 27.
LaTeX Font Info:    Overwriting symbol font `symbols' in version `bold'
(Font)                  OMS/cmsy/b/n --> OMS/lmsy/b/n on input line 28.
LaTeX Font Info:    Overwriting symbol font `largesymbols' in version `bold'
(Font)                  OMX/cmex/m/n --> OMX/lmex/m/n on input line 29.
LaTeX Font Info:    Overwriting math alphabet `\mathbf' in version `normal'
(Font)                  OT1/cmr/bx/n --> OT1/lmr/bx/n on input line 31.
LaTeX Font Info:    Overwriting math alphabet `\mathsf' in version `normal'
(Font)                  OT1/cmss/m/n --> OT1/lmss/m/n on input line 32.
LaTeX Font Info:    Overwriting math alphabet `\mathit' in version `normal'
(Font)                  OT1/cmr/m/it --> OT1/lmr/m/it on input line 33.
LaTeX Font Info:    Overwriting math alphabet `\mathtt' in version `normal'
(Font)                  OT1/cmtt/m/n --> OT1/lmtt/m/n on input line 34.
LaTeX Font Info:    Overwriting math alphabet `\mathbf' in version `bold'
(Font)                  OT1/cmr/bx/n --> OT1/lmr/bx/n on input line 35.
LaTeX Font Info:    Overwriting math alphabet `\mathsf' in version `bold'
(Font)                  OT1/cmss/bx/n --> OT1/lmss/bx/n on input line 36.
LaTeX Font Info:    Overwriting math alphabet `\mathit' in version `bold'
(Font)                  OT1/cmr/bx/it --> OT1/lmr/bx/it on input line 37.
LaTeX Font Info:    Overwriting math alphabet `\mathtt' in version `bold'
(Font)                  OT1/cmtt/m/n --> OT1/lmtt/m/n on input line 38.
)
\c@defi=\count353
\c@theo=\count354
\c@assum=\count355
\c@rem=\count356
\c@algo=\count357
\c@prob=\count358
\c@lem=\count359
LaTeX Font Info:    Trying to load font information for OT1+lmss on input line 
76.

(/usr/local/texlive/2021/texmf-dist/tex/latex/lm/ot1lmss.fd
File: ot1lmss.fd 2015/05/01 v1.6.1 Font defs for Latin Modern
)
(/usr/local/texlive/2021/texmf-dist/tex/latex/l3backend/l3backend-pdftex.def
File: l3backend-pdftex.def 2021-03-18 L3 backend support: PDF output (pdfTeX)
\l__color_backend_stack_int=\count360
\l__pdf_internal_box=\box87
)
(./COIT11238-M1W1-V23S3.aux)
\openout1 = `COIT11238-M1W1-V23S3.aux'.

LaTeX Font Info:    Checking defaults for OML/cmm/m/it on input line 76.
LaTeX Font Info:    ... okay on input line 76.
LaTeX Font Info:    Checking defaults for OMS/cmsy/m/n on input line 76.
LaTeX Font Info:    ... okay on input line 76.
LaTeX Font Info:    Checking defaults for OT1/cmr/m/n on input line 76.
LaTeX Font Info:    ... okay on input line 76.
LaTeX Font Info:    Checking defaults for T1/cmr/m/n on input line 76.
LaTeX Font Info:    ... okay on input line 76.
LaTeX Font Info:    Checking defaults for TS1/cmr/m/n on input line 76.
LaTeX Font Info:    ... okay on input line 76.
LaTeX Font Info:    Checking defaults for OMX/cmex/m/n on input line 76.
LaTeX Font Info:    ... okay on input line 76.
LaTeX Font Info:    Checking defaults for U/cmr/m/n on input line 76.
LaTeX Font Info:    ... okay on input line 76.
LaTeX Font Info:    Checking defaults for PD1/pdf/m/n on input line 76.
LaTeX Font Info:    ... okay on input line 76.
LaTeX Font Info:    Checking defaults for PU/pdf/m/n on input line 76.
LaTeX Font Info:    ... okay on input line 76.

*geometry* driver: auto-detecting
*geometry* detected driver: pdftex
*geometry* verbose mode - [ preamble ] result:
* driver: pdftex
* paper: custom
* layout: <same size as paper>
* layoutoffset:(h,v)=(0.0pt,0.0pt)
* modes: includehead includefoot 
* h-part:(L,W,R)=(28.45274pt, 307.28987pt, 28.45274pt)
* v-part:(T,H,B)=(0.0pt, 273.14662pt, 0.0pt)
* \paperwidth=364.19536pt
* \paperheight=273.14662pt
* \textwidth=307.28987pt
* \textheight=244.6939pt
* \oddsidemargin=-43.81725pt
* \evensidemargin=-43.81725pt
* \topmargin=-72.26999pt
* \headheight=14.22636pt
* \headsep=0.0pt
* \topskip=11.0pt
* \footskip=14.22636pt
* \marginparwidth=4.0pt
* \marginparsep=10.0pt
* \columnsep=10.0pt
* \skip\footins=10.0pt plus 4.0pt minus 2.0pt
* \hoffset=0.0pt
* \voffset=0.0pt
* \mag=1000
* \@twocolumnfalse
* \@twosidefalse
* \@mparswitchfalse
* \@reversemarginfalse
* (1in=72.27pt=25.4mm, 1cm=28.453pt)

(/usr/local/texlive/2021/texmf-dist/tex/context/base/mkii/supp-pdf.mkii
[Loading MPS to PDF converter (version 2006.09.02).]
\scratchcounter=\count361
\scratchdimen=\dimen327
\scratchbox=\box88
\nofMPsegments=\count362
\nofMParguments=\count363
\everyMPshowfont=\toks50
\MPscratchCnt=\count364
\MPscratchDim=\dimen328
\MPnumerator=\count365
\makeMPintoPDFobject=\count366
\everyMPtoPDFconversion=\toks51
) (/usr/local/texlive/2021/texmf-dist/tex/latex/epstopdf-pkg/epstopdf-base.sty
Package: epstopdf-base 2020-01-24 v2.11 Base part for package epstopdf
Package epstopdf-base Info: Redefining graphics rule for `.eps' on input line 4
85.

(/usr/local/texlive/2021/texmf-dist/tex/latex/latexconfig/epstopdf-sys.cfg
File: epstopdf-sys.cfg 2010/07/13 v1.3 Configuration of (r)epstopdf for TeX Liv
e
))
Package hyperref Info: Link coloring OFF on input line 76.

(/usr/local/texlive/2021/texmf-dist/tex/latex/hyperref/nameref.sty
Package: nameref 2021-04-02 v2.47 Cross-referencing by name of section

(/usr/local/texlive/2021/texmf-dist/tex/latex/refcount/refcount.sty
Package: refcount 2019/12/15 v3.6 Data extraction from label references (HO)
)
(/usr/local/texlive/2021/texmf-dist/tex/generic/gettitlestring/gettitlestring.s
ty
Package: gettitlestring 2019/12/15 v1.6 Cleanup title references (HO)
)
\c@section@level=\count367
)
LaTeX Info: Redefining \ref on input line 76.
LaTeX Info: Redefining \pageref on input line 76.
LaTeX Info: Redefining \nameref on input line 76.
LaTeX Font Info:    Overwriting symbol font `operators' in version `normal'
(Font)                  OT1/lmr/m/n --> OT1/cmss/m/n on input line 76.
LaTeX Font Info:    Overwriting symbol font `operators' in version `bold'
(Font)                  OT1/lmr/bx/n --> OT1/cmss/b/n on input line 76.
LaTeX Font Info:    Overwriting symbol font `operators' in version `normal'
(Font)                  OT1/cmss/m/n --> OT1/lmss/m/n on input line 76.
LaTeX Font Info:    Overwriting symbol font `operators' in version `bold'
(Font)                  OT1/cmss/b/n --> OT1/lmss/b/n on input line 76.
\symnumbers=\mathgroup8
\sympureletters=\mathgroup9
LaTeX Font Info:    Overwriting math alphabet `\mathrm' in version `normal'
(Font)                  OT1/lmss/m/n --> OT1/lmr/m/n on input line 76.
LaTeX Font Info:    Redeclaring math alphabet \mathbf on input line 76.
LaTeX Font Info:    Overwriting math alphabet `\mathbf' in version `normal'
(Font)                  OT1/lmr/bx/n --> OT1/lmss/b/n on input line 76.
LaTeX Font Info:    Overwriting math alphabet `\mathbf' in version `bold'
(Font)                  OT1/lmr/bx/n --> OT1/lmss/b/n on input line 76.
LaTeX Font Info:    Redeclaring math alphabet \mathsf on input line 76.
LaTeX Font Info:    Overwriting math alphabet `\mathsf' in version `normal'
(Font)                  OT1/lmss/m/n --> OT1/lmss/m/n on input line 76.
LaTeX Font Info:    Overwriting math alphabet `\mathsf' in version `bold'
(Font)                  OT1/lmss/bx/n --> OT1/lmss/m/n on input line 76.
LaTeX Font Info:    Redeclaring math alphabet \mathit on input line 76.
LaTeX Font Info:    Overwriting math alphabet `\mathit' in version `normal'
(Font)                  OT1/lmr/m/it --> OT1/lmss/m/it on input line 76.
LaTeX Font Info:    Overwriting math alphabet `\mathit' in version `bold'
(Font)                  OT1/lmr/bx/it --> OT1/lmss/m/it on input line 76.
LaTeX Font Info:    Redeclaring math alphabet \mathtt on input line 76.
LaTeX Font Info:    Overwriting math alphabet `\mathtt' in version `normal'
(Font)                  OT1/lmtt/m/n --> OT1/lmtt/m/n on input line 76.
LaTeX Font Info:    Overwriting math alphabet `\mathtt' in version `bold'
(Font)                  OT1/lmtt/m/n --> OT1/lmtt/m/n on input line 76.
LaTeX Font Info:    Overwriting symbol font `numbers' in version `bold'
(Font)                  OT1/lmss/m/n --> OT1/lmss/b/n on input line 76.
LaTeX Font Info:    Overwriting symbol font `pureletters' in version `bold'
(Font)                  OT1/lmss/m/it --> OT1/lmss/b/it on input line 76.
LaTeX Font Info:    Overwriting math alphabet `\mathrm' in version `bold'
(Font)                  OT1/lmss/b/n --> OT1/lmr/b/n on input line 76.
LaTeX Font Info:    Overwriting math alphabet `\mathbf' in version `bold'
(Font)                  OT1/lmss/b/n --> OT1/lmss/b/n on input line 76.
LaTeX Font Info:    Overwriting math alphabet `\mathsf' in version `bold'
(Font)                  OT1/lmss/m/n --> OT1/lmss/b/n on input line 76.
LaTeX Font Info:    Overwriting math alphabet `\mathit' in version `bold'
(Font)                  OT1/lmss/m/it --> OT1/lmss/b/it on input line 76.
LaTeX Font Info:    Overwriting math alphabet `\mathtt' in version `bold'
(Font)                  OT1/lmtt/m/n --> OT1/lmtt/b/n on input line 76.

(/usr/local/texlive/2021/texmf-dist/tex/latex/translator/translator-basic-dicti
onary-English.dict
Dictionary: translator-basic-dictionary, Language: English 
)
(/usr/local/texlive/2021/texmf-dist/tex/latex/translator/translator-bibliograph
y-dictionary-English.dict
Dictionary: translator-bibliography-dictionary, Language: English 
)
(/usr/local/texlive/2021/texmf-dist/tex/latex/translator/translator-environment
-dictionary-English.dict
Dictionary: translator-environment-dictionary, Language: English 
)
(/usr/local/texlive/2021/texmf-dist/tex/latex/translator/translator-months-dict
ionary-English.dict
Dictionary: translator-months-dictionary, Language: English 
)
(/usr/local/texlive/2021/texmf-dist/tex/latex/translator/translator-numbers-dic
tionary-English.dict
Dictionary: translator-numbers-dictionary, Language: English 
)
(/usr/local/texlive/2021/texmf-dist/tex/latex/translator/translator-theorem-dic
tionary-English.dict
Dictionary: translator-theorem-dictionary, Language: English 
)
Package caption Info: Begin \AtBeginDocument code.
Package caption Info: longtable package is loaded.

(/usr/local/texlive/2021/texmf-dist/tex/latex/caption/ltcaption.sty
Package: ltcaption 2020/05/30 v1.4b longtable captions (AR)
)
Package caption Info: subfigure package is loaded.
Package caption Info: End \AtBeginDocument code.

(./COIT11238-M1W1-V23S3.nav)
Package epstopdf Info: Source file: <CQUniversity-logo.eps>
(epstopdf)                    date: 2012-10-06 15:01:22
(epstopdf)                    size: 275405 bytes
(epstopdf)             Output file: <CQUniversity-logo-eps-converted-to.pdf>
(epstopdf)                    date: 2019-11-14 13:24:36
(epstopdf)                    size: 31668 bytes
(epstopdf)             Command: <epstopdf --outfile=CQUniversity-logo-eps-conve
rted-to.pdf CQUniversity-logo.eps>
(epstopdf)             \includegraphics on input line 78.
Package epstopdf Info: Output file is already uptodate.
<CQUniversity-logo-eps-converted-to.pdf, id=29, 289.08pt x 173.64874pt>
File: CQUniversity-logo-eps-converted-to.pdf Graphic file (type pdf)
<use CQUniversity-logo-eps-converted-to.pdf>
Package pdftex.def Info: CQUniversity-logo-eps-converted-to.pdf  used on input 
line 78.
(pdftex.def)             Requested size: 42.67912pt x 25.63548pt.
 [1

{/usr/local/texlive/2021/texmf-var/fonts/map/pdftex/updmap/pdftex.map} <./CQUni
versity-logo-eps-converted-to.pdf>]
Package epstopdf Info: Source file: <CQUniversity-logo.eps>
(epstopdf)                    date: 2012-10-06 15:01:22
(epstopdf)                    size: 275405 bytes
(epstopdf)             Output file: <CQUniversity-logo-eps-converted-to.pdf>
(epstopdf)                    date: 2019-11-14 13:24:36
(epstopdf)                    size: 31668 bytes
(epstopdf)             Command: <epstopdf --outfile=CQUniversity-logo-eps-conve
rted-to.pdf CQUniversity-logo.eps>
(epstopdf)             \includegraphics on input line 93.
Package epstopdf Info: Output file is already uptodate.
File: CQUniversity-logo-eps-converted-to.pdf Graphic file (type pdf)
<use CQUniversity-logo-eps-converted-to.pdf>
Package pdftex.def Info: CQUniversity-logo-eps-converted-to.pdf  used on input 
line 93.
(pdftex.def)             Requested size: 42.67912pt x 25.63548pt.
 [2

]
Package epstopdf Info: Source file: <Figures/Objectives.eps>
(epstopdf)                    date: 2019-01-21 16:50:30
(epstopdf)                    size: 69671 bytes
(epstopdf)             Output file: <Figures/Objectives-eps-converted-to.pdf>
(epstopdf)                    date: 2019-11-17 13:34:07
(epstopdf)                    size: 17533 bytes
(epstopdf)             Command: <epstopdf --outfile=Figures/Objectives-eps-conv
erted-to.pdf Figures/Objectives.eps>
(epstopdf)             \includegraphics on input line 109.
Package epstopdf Info: Output file is already uptodate.
<Figures/Objectives-eps-converted-to.pdf, id=115, 261.97874pt x 195.73125pt>
File: Figures/Objectives-eps-converted-to.pdf Graphic file (type pdf)
<use Figures/Objectives-eps-converted-to.pdf>
Package pdftex.def Info: Figures/Objectives-eps-converted-to.pdf  used on input
 line 109.
(pdftex.def)             Requested size: 108.405pt x 80.991pt.
Package epstopdf Info: Source file: <CQUniversity-logo.eps>
(epstopdf)                    date: 2012-10-06 15:01:22
(epstopdf)                    size: 275405 bytes
(epstopdf)             Output file: <CQUniversity-logo-eps-converted-to.pdf>
(epstopdf)                    date: 2019-11-14 13:24:36
(epstopdf)                    size: 31668 bytes
(epstopdf)             Command: <epstopdf --outfile=CQUniversity-logo-eps-conve
rted-to.pdf CQUniversity-logo.eps>
(epstopdf)             \includegraphics on input line 109.
Package epstopdf Info: Output file is already uptodate.
File: CQUniversity-logo-eps-converted-to.pdf Graphic file (type pdf)
<use CQUniversity-logo-eps-converted-to.pdf>
Package pdftex.def Info: CQUniversity-logo-eps-converted-to.pdf  used on input 
line 109.
(pdftex.def)             Requested size: 42.67912pt x 25.63548pt.
 [3

 <./Figures/Objectives-eps-converted-to.pdf>] (./COIT11238-M1W1-V23S3.toc)
Package epstopdf Info: Source file: <CQUniversity-logo.eps>
(epstopdf)                    date: 2012-10-06 15:01:22
(epstopdf)                    size: 275405 bytes
(epstopdf)             Output file: <CQUniversity-logo-eps-converted-to.pdf>
(epstopdf)                    date: 2019-11-14 13:24:36
(epstopdf)                    size: 31668 bytes
(epstopdf)             Command: <epstopdf --outfile=CQUniversity-logo-eps-conve
rted-to.pdf CQUniversity-logo.eps>
(epstopdf)             \includegraphics on input line 113.
Package epstopdf Info: Output file is already uptodate.
File: CQUniversity-logo-eps-converted-to.pdf Graphic file (type pdf)
<use CQUniversity-logo-eps-converted-to.pdf>
Package pdftex.def Info: CQUniversity-logo-eps-converted-to.pdf  used on input 
line 113.
(pdftex.def)             Requested size: 42.67912pt x 25.63548pt.
 [4

]
Package epstopdf Info: Source file: <CQUniversity-logo.eps>
(epstopdf)                    date: 2012-10-06 15:01:22
(epstopdf)                    size: 275405 bytes
(epstopdf)             Output file: <CQUniversity-logo-eps-converted-to.pdf>
(epstopdf)                    date: 2019-11-14 13:24:36
(epstopdf)                    size: 31668 bytes
(epstopdf)             Command: <epstopdf --outfile=CQUniversity-logo-eps-conve
rted-to.pdf CQUniversity-logo.eps>
(epstopdf)             \includegraphics on input line 131.
Package epstopdf Info: Output file is already uptodate.
File: CQUniversity-logo-eps-converted-to.pdf Graphic file (type pdf)
<use CQUniversity-logo-eps-converted-to.pdf>
Package pdftex.def Info: CQUniversity-logo-eps-converted-to.pdf  used on input 
line 131.
(pdftex.def)             Requested size: 42.67912pt x 25.63548pt.

[5

]
Package epstopdf Info: Source file: <Figures/PC.eps>
(epstopdf)                    date: 2019-11-08 21:15:06
(epstopdf)                    size: 1248429 bytes
(epstopdf)             Output file: <Figures/PC-eps-converted-to.pdf>
(epstopdf)                    date: 2019-11-14 13:24:37
(epstopdf)                    size: 249346 bytes
(epstopdf)             Command: <epstopdf --outfile=Figures/PC-eps-converted-to
.pdf Figures/PC.eps>
(epstopdf)             \includegraphics on input line 156.
Package epstopdf Info: Output file is already uptodate.
<Figures/PC-eps-converted-to.pdf, id=224, 921.4425pt x 633.36626pt>
File: Figures/PC-eps-converted-to.pdf Graphic file (type pdf)
<use Figures/PC-eps-converted-to.pdf>
Package pdftex.def Info: Figures/PC-eps-converted-to.pdf  used on input line 15
6.
(pdftex.def)             Requested size: 231.26378pt x 158.95969pt.
Package epstopdf Info: Source file: <CQUniversity-logo.eps>
(epstopdf)                    date: 2012-10-06 15:01:22
(epstopdf)                    size: 275405 bytes
(epstopdf)             Output file: <CQUniversity-logo-eps-converted-to.pdf>
(epstopdf)                    date: 2019-11-14 13:24:36
(epstopdf)                    size: 31668 bytes
(epstopdf)             Command: <epstopdf --outfile=CQUniversity-logo-eps-conve
rted-to.pdf CQUniversity-logo.eps>
(epstopdf)             \includegraphics on input line 156.
Package epstopdf Info: Output file is already uptodate.
File: CQUniversity-logo-eps-converted-to.pdf Graphic file (type pdf)
<use CQUniversity-logo-eps-converted-to.pdf>
Package pdftex.def Info: CQUniversity-logo-eps-converted-to.pdf  used on input 
line 156.
(pdftex.def)             Requested size: 42.67912pt x 25.63548pt.
 [6

 <./Figures/PC-eps-converted-to.pdf>] (./COIT11238-M1W1-V23S3.toc)
Package epstopdf Info: Source file: <CQUniversity-logo.eps>
(epstopdf)                    date: 2012-10-06 15:01:22
(epstopdf)                    size: 275405 bytes
(epstopdf)             Output file: <CQUniversity-logo-eps-converted-to.pdf>
(epstopdf)                    date: 2019-11-14 13:24:36
(epstopdf)                    size: 31668 bytes
(epstopdf)             Command: <epstopdf --outfile=CQUniversity-logo-eps-conve
rted-to.pdf CQUniversity-logo.eps>
(epstopdf)             \includegraphics on input line 159.
Package epstopdf Info: Output file is already uptodate.
File: CQUniversity-logo-eps-converted-to.pdf Graphic file (type pdf)
<use CQUniversity-logo-eps-converted-to.pdf>
Package pdftex.def Info: CQUniversity-logo-eps-converted-to.pdf  used on input 
line 159.
(pdftex.def)             Requested size: 42.67912pt x 25.63548pt.

[7

]
Package epstopdf Info: Source file: <Figures/aPC.eps>
(epstopdf)                    date: 2019-11-08 20:46:15
(epstopdf)                    size: 793441 bytes
(epstopdf)             Output file: <Figures/aPC-eps-converted-to.pdf>
(epstopdf)                    date: 2019-11-14 13:24:37
(epstopdf)                    size: 158367 bytes
(epstopdf)             Command: <epstopdf --outfile=Figures/aPC-eps-converted-t
o.pdf Figures/aPC.eps>
(epstopdf)             \includegraphics on input line 167.
Package epstopdf Info: Output file is already uptodate.
<Figures/aPC-eps-converted-to.pdf, id=290, 682.55pt x 474.77374pt>
File: Figures/aPC-eps-converted-to.pdf Graphic file (type pdf)
<use Figures/aPC-eps-converted-to.pdf>
Package pdftex.def Info: Figures/aPC-eps-converted-to.pdf  used on input line 1
67.
(pdftex.def)             Requested size: 231.26378pt x 160.86311pt.
Package epstopdf Info: Source file: <CQUniversity-logo.eps>
(epstopdf)                    date: 2012-10-06 15:01:22
(epstopdf)                    size: 275405 bytes
(epstopdf)             Output file: <CQUniversity-logo-eps-converted-to.pdf>
(epstopdf)                    date: 2019-11-14 13:24:36
(epstopdf)                    size: 31668 bytes
(epstopdf)             Command: <epstopdf --outfile=CQUniversity-logo-eps-conve
rted-to.pdf CQUniversity-logo.eps>
(epstopdf)             \includegraphics on input line 167.
Package epstopdf Info: Output file is already uptodate.
File: CQUniversity-logo-eps-converted-to.pdf Graphic file (type pdf)
<use CQUniversity-logo-eps-converted-to.pdf>
Package pdftex.def Info: CQUniversity-logo-eps-converted-to.pdf  used on input 
line 167.
(pdftex.def)             Requested size: 42.67912pt x 25.63548pt.
 [8

 <./Figures/aPC-eps-converted-to.pdf>]
Package epstopdf Info: Source file: <Figures/Von_Neumann_Architecture.eps>
(epstopdf)                    date: 2019-11-08 21:25:38
(epstopdf)                    size: 248738 bytes
(epstopdf)             Output file: <Figures/Von_Neumann_Architecture-eps-conve
rted-to.pdf>
(epstopdf)                    date: 2019-11-14 13:24:38
(epstopdf)                    size: 24287 bytes
(epstopdf)             Command: <epstopdf --outfile=Figures/Von_Neumann_Archite
cture-eps-converted-to.pdf Figures/Von_Neumann_Architecture.eps>
(epstopdf)             \includegraphics on input line 177.
Package epstopdf Info: Output file is already uptodate.
<Figures/Von_Neumann_Architecture-eps-converted-to.pdf, id=322, 396.48125pt x 2
32.87pt>
File: Figures/Von_Neumann_Architecture-eps-converted-to.pdf Graphic file (type 
pdf)
<use Figures/Von_Neumann_Architecture-eps-converted-to.pdf>
Package pdftex.def Info: Figures/Von_Neumann_Architecture-eps-converted-to.pdf 
 used on input line 177.
(pdftex.def)             Requested size: 231.26378pt x 135.8322pt.
Package epstopdf Info: Source file: <CQUniversity-logo.eps>
(epstopdf)                    date: 2012-10-06 15:01:22
(epstopdf)                    size: 275405 bytes
(epstopdf)             Output file: <CQUniversity-logo-eps-converted-to.pdf>
(epstopdf)                    date: 2019-11-14 13:24:36
(epstopdf)                    size: 31668 bytes
(epstopdf)             Command: <epstopdf --outfile=CQUniversity-logo-eps-conve
rted-to.pdf CQUniversity-logo.eps>
(epstopdf)             \includegraphics on input line 177.
Package epstopdf Info: Output file is already uptodate.
File: CQUniversity-logo-eps-converted-to.pdf Graphic file (type pdf)
<use CQUniversity-logo-eps-converted-to.pdf>
Package pdftex.def Info: CQUniversity-logo-eps-converted-to.pdf  used on input 
line 177.
(pdftex.def)             Requested size: 42.67912pt x 25.63548pt.
 [9

 <./Figures/Von_Neumann_Architecture-eps-converted-to.pdf>]
Package epstopdf Info: Source file: <CQUniversity-logo.eps>
(epstopdf)                    date: 2012-10-06 15:01:22
(epstopdf)                    size: 275405 bytes
(epstopdf)             Output file: <CQUniversity-logo-eps-converted-to.pdf>
(epstopdf)                    date: 2019-11-14 13:24:36
(epstopdf)                    size: 31668 bytes
(epstopdf)             Command: <epstopdf --outfile=CQUniversity-logo-eps-conve
rted-to.pdf CQUniversity-logo.eps>
(epstopdf)             \includegraphics on input line 194.
Package epstopdf Info: Output file is already uptodate.
File: CQUniversity-logo-eps-converted-to.pdf Graphic file (type pdf)
<use CQUniversity-logo-eps-converted-to.pdf>
Package pdftex.def Info: CQUniversity-logo-eps-converted-to.pdf  used on input 
line 194.
(pdftex.def)             Requested size: 42.67912pt x 25.63548pt.
 [10

]
Package epstopdf Info: Source file: <CQUniversity-logo.eps>
(epstopdf)                    date: 2012-10-06 15:01:22
(epstopdf)                    size: 275405 bytes
(epstopdf)             Output file: <CQUniversity-logo-eps-converted-to.pdf>
(epstopdf)                    date: 2019-11-14 13:24:36
(epstopdf)                    size: 31668 bytes
(epstopdf)             Command: <epstopdf --outfile=CQUniversity-logo-eps-conve
rted-to.pdf CQUniversity-logo.eps>
(epstopdf)             \includegraphics on input line 269.
Package epstopdf Info: Output file is already uptodate.
File: CQUniversity-logo-eps-converted-to.pdf Graphic file (type pdf)
<use CQUniversity-logo-eps-converted-to.pdf>
Package pdftex.def Info: CQUniversity-logo-eps-converted-to.pdf  used on input 
line 269.
(pdftex.def)             Requested size: 42.67912pt x 25.63548pt.
 [11

]
Package epstopdf Info: Source file: <CQUniversity-logo.eps>
(epstopdf)                    date: 2012-10-06 15:01:22
(epstopdf)                    size: 275405 bytes
(epstopdf)             Output file: <CQUniversity-logo-eps-converted-to.pdf>
(epstopdf)                    date: 2019-11-14 13:24:36
(epstopdf)                    size: 31668 bytes
(epstopdf)             Command: <epstopdf --outfile=CQUniversity-logo-eps-conve
rted-to.pdf CQUniversity-logo.eps>
(epstopdf)             \includegraphics on input line 280.
Package epstopdf Info: Output file is already uptodate.
File: CQUniversity-logo-eps-converted-to.pdf Graphic file (type pdf)
<use CQUniversity-logo-eps-converted-to.pdf>
Package pdftex.def Info: CQUniversity-logo-eps-converted-to.pdf  used on input 
line 280.
(pdftex.def)             Requested size: 42.67912pt x 25.63548pt.
 [12

]
LaTeX Font Info:    Trying to load font information for OML+lmm on input line 3
01.

(/usr/local/texlive/2021/texmf-dist/tex/latex/lm/omllmm.fd
File: omllmm.fd 2015/05/01 v1.6.1 Font defs for Latin Modern
)
LaTeX Font Info:    Trying to load font information for OMS+lmsy on input line 
301.

(/usr/local/texlive/2021/texmf-dist/tex/latex/lm/omslmsy.fd
File: omslmsy.fd 2015/05/01 v1.6.1 Font defs for Latin Modern
)
LaTeX Font Info:    Trying to load font information for OMX+lmex on input line 
301.

(/usr/local/texlive/2021/texmf-dist/tex/latex/lm/omxlmex.fd
File: omxlmex.fd 2015/05/01 v1.6.1 Font defs for Latin Modern
)
LaTeX Font Info:    External font `lmex10' loaded for size
(Font)              <10.95> on input line 301.
LaTeX Font Info:    External font `lmex10' loaded for size
(Font)              <8> on input line 301.
LaTeX Font Info:    External font `lmex10' loaded for size
(Font)              <6> on input line 301.
LaTeX Font Info:    Trying to load font information for U+msa on input line 301
.

(/usr/local/texlive/2021/texmf-dist/tex/latex/amsfonts/umsa.fd
File: umsa.fd 2013/01/14 v3.01 AMS symbols A
)
LaTeX Font Info:    Trying to load font information for U+msb on input line 301
.

(/usr/local/texlive/2021/texmf-dist/tex/latex/amsfonts/umsb.fd
File: umsb.fd 2013/01/14 v3.01 AMS symbols B
)
LaTeX Font Info:    Trying to load font information for U+rsfs on input line 30
1.

(/usr/local/texlive/2021/texmf-dist/tex/latex/jknapltx/ursfs.fd
File: ursfs.fd 1998/03/24 rsfs font definition file (jk)
)
LaTeX Font Info:    Trying to load font information for U+lasy on input line 30
1.

(/usr/local/texlive/2021/texmf-dist/tex/latex/base/ulasy.fd
File: ulasy.fd 1998/08/17 v2.2e LaTeX symbol font definitions
)
LaTeX Font Info:    Font shape `OT1/lmss/m/it' in size <10.95> not available
(Font)              Font shape `OT1/lmss/m/sl' tried instead on input line 301.

LaTeX Font Info:    Font shape `OT1/lmss/m/it' in size <8> not available
(Font)              Font shape `OT1/lmss/m/sl' tried instead on input line 301.

LaTeX Font Info:    Font shape `OT1/lmss/m/it' in size <6> not available
(Font)              Font shape `OT1/lmss/m/sl' tried instead on input line 301.

Package epstopdf Info: Source file: <CQUniversity-logo.eps>
(epstopdf)                    date: 2012-10-06 15:01:22
(epstopdf)                    size: 275405 bytes
(epstopdf)             Output file: <CQUniversity-logo-eps-converted-to.pdf>
(epstopdf)                    date: 2019-11-14 13:24:36
(epstopdf)                    size: 31668 bytes
(epstopdf)             Command: <epstopdf --outfile=CQUniversity-logo-eps-conve
rted-to.pdf CQUniversity-logo.eps>
(epstopdf)             \includegraphics on input line 301.
Package epstopdf Info: Output file is already uptodate.
File: CQUniversity-logo-eps-converted-to.pdf Graphic file (type pdf)
<use CQUniversity-logo-eps-converted-to.pdf>
Package pdftex.def Info: CQUniversity-logo-eps-converted-to.pdf  used on input 
line 301.
(pdftex.def)             Requested size: 42.67912pt x 25.63548pt.
 [13

]
Package epstopdf Info: Source file: <CQUniversity-logo.eps>
(epstopdf)                    date: 2012-10-06 15:01:22
(epstopdf)                    size: 275405 bytes
(epstopdf)             Output file: <CQUniversity-logo-eps-converted-to.pdf>
(epstopdf)                    date: 2019-11-14 13:24:36
(epstopdf)                    size: 31668 bytes
(epstopdf)             Command: <epstopdf --outfile=CQUniversity-logo-eps-conve
rted-to.pdf CQUniversity-logo.eps>
(epstopdf)             \includegraphics on input line 320.
Package epstopdf Info: Output file is already uptodate.
File: CQUniversity-logo-eps-converted-to.pdf Graphic file (type pdf)
<use CQUniversity-logo-eps-converted-to.pdf>
Package pdftex.def Info: CQUniversity-logo-eps-converted-to.pdf  used on input 
line 320.
(pdftex.def)             Requested size: 42.67912pt x 25.63548pt.
 [14

]
Package epstopdf Info: Source file: <Figures/Picture1_A_PC_motherboard.eps>
(epstopdf)                    date: 2019-11-14 11:57:48
(epstopdf)                    size: 6467219 bytes
(epstopdf)             Output file: <Figures/Picture1_A_PC_motherboard-eps-conv
erted-to.pdf>
(epstopdf)                    date: 2019-11-14 13:24:42
(epstopdf)                    size: 1008043 bytes
(epstopdf)             Command: <epstopdf --outfile=Figures/Picture1_A_PC_mothe
rboard-eps-converted-to.pdf Figures/Picture1_A_PC_motherboard.eps>
(epstopdf)             \includegraphics on input line 331.
Package epstopdf Info: Output file is already uptodate.
<Figures/Picture1_A_PC_motherboard-eps-converted-to.pdf, id=489, 473.77pt x 378
.41376pt>
File: Figures/Picture1_A_PC_motherboard-eps-converted-to.pdf Graphic file (type
 pdf)
<use Figures/Picture1_A_PC_motherboard-eps-converted-to.pdf>
Package pdftex.def Info: Figures/Picture1_A_PC_motherboard-eps-converted-to.pdf
  used on input line 331.
(pdftex.def)             Requested size: 231.26378pt x 184.71414pt.
Package epstopdf Info: Source file: <CQUniversity-logo.eps>
(epstopdf)                    date: 2012-10-06 15:01:22
(epstopdf)                    size: 275405 bytes
(epstopdf)             Output file: <CQUniversity-logo-eps-converted-to.pdf>
(epstopdf)                    date: 2019-11-14 13:24:36
(epstopdf)                    size: 31668 bytes
(epstopdf)             Command: <epstopdf --outfile=CQUniversity-logo-eps-conve
rted-to.pdf CQUniversity-logo.eps>
(epstopdf)             \includegraphics on input line 331.
Package epstopdf Info: Output file is already uptodate.
File: CQUniversity-logo-eps-converted-to.pdf Graphic file (type pdf)
<use CQUniversity-logo-eps-converted-to.pdf>
Package pdftex.def Info: CQUniversity-logo-eps-converted-to.pdf  used on input 
line 331.
(pdftex.def)             Requested size: 42.67912pt x 25.63548pt.
 [15

 <./Figures/Picture1_A_PC_motherboard-eps-converted-to.pdf>]
Package epstopdf Info: Source file: <CQUniversity-logo.eps>
(epstopdf)                    date: 2012-10-06 15:01:22
(epstopdf)                    size: 275405 bytes
(epstopdf)             Output file: <CQUniversity-logo-eps-converted-to.pdf>
(epstopdf)                    date: 2019-11-14 13:24:36
(epstopdf)                    size: 31668 bytes
(epstopdf)             Command: <epstopdf --outfile=CQUniversity-logo-eps-conve
rted-to.pdf CQUniversity-logo.eps>
(epstopdf)             \includegraphics on input line 391.
Package epstopdf Info: Output file is already uptodate.
File: CQUniversity-logo-eps-converted-to.pdf Graphic file (type pdf)
<use CQUniversity-logo-eps-converted-to.pdf>
Package pdftex.def Info: CQUniversity-logo-eps-converted-to.pdf  used on input 
line 391.
(pdftex.def)             Requested size: 42.67912pt x 25.63548pt.
 [16

]
Package epstopdf Info: Source file: <CQUniversity-logo.eps>
(epstopdf)                    date: 2012-10-06 15:01:22
(epstopdf)                    size: 275405 bytes
(epstopdf)             Output file: <CQUniversity-logo-eps-converted-to.pdf>
(epstopdf)                    date: 2019-11-14 13:24:36
(epstopdf)                    size: 31668 bytes
(epstopdf)             Command: <epstopdf --outfile=CQUniversity-logo-eps-conve
rted-to.pdf CQUniversity-logo.eps>
(epstopdf)             \includegraphics on input line 403.
Package epstopdf Info: Output file is already uptodate.
File: CQUniversity-logo-eps-converted-to.pdf Graphic file (type pdf)
<use CQUniversity-logo-eps-converted-to.pdf>
Package pdftex.def Info: CQUniversity-logo-eps-converted-to.pdf  used on input 
line 403.
(pdftex.def)             Requested size: 42.67912pt x 25.63548pt.
 [17

]
(./COIT11238-M1W1-V23S3.toc)
Package epstopdf Info: Source file: <CQUniversity-logo.eps>
(epstopdf)                    date: 2012-10-06 15:01:22
(epstopdf)                    size: 275405 bytes
(epstopdf)             Output file: <CQUniversity-logo-eps-converted-to.pdf>
(epstopdf)                    date: 2019-11-14 13:24:36
(epstopdf)                    size: 31668 bytes
(epstopdf)             Command: <epstopdf --outfile=CQUniversity-logo-eps-conve
rted-to.pdf CQUniversity-logo.eps>
(epstopdf)             \includegraphics on input line 429.
Package epstopdf Info: Output file is already uptodate.
File: CQUniversity-logo-eps-converted-to.pdf Graphic file (type pdf)
<use CQUniversity-logo-eps-converted-to.pdf>
Package pdftex.def Info: CQUniversity-logo-eps-converted-to.pdf  used on input 
line 429.
(pdftex.def)             Requested size: 42.67912pt x 25.63548pt.
 [18

]
Package epstopdf Info: Source file: <Figures/System_Architecture.eps>
(epstopdf)                    date: 2019-11-14 16:16:57
(epstopdf)                    size: 1133688 bytes
(epstopdf)             Output file: <Figures/System_Architecture-eps-converted-
to.pdf>
(epstopdf)                    date: 2019-11-16 14:01:35
(epstopdf)                    size: 297402 bytes
(epstopdf)             Command: <epstopdf --outfile=Figures/System_Architecture
-eps-converted-to.pdf Figures/System_Architecture.eps>
(epstopdf)             \includegraphics on input line 438.
Package epstopdf Info: Output file is already uptodate.
<Figures/System_Architecture-eps-converted-to.pdf, id=616, 793.96625pt x 576.15
25pt>
File: Figures/System_Architecture-eps-converted-to.pdf Graphic file (type pdf)
<use Figures/System_Architecture-eps-converted-to.pdf>
Package pdftex.def Info: Figures/System_Architecture-eps-converted-to.pdf  used
 on input line 438.
(pdftex.def)             Requested size: 238.49121pt x 173.05806pt.
Package epstopdf Info: Source file: <CQUniversity-logo.eps>
(epstopdf)                    date: 2012-10-06 15:01:22
(epstopdf)                    size: 275405 bytes
(epstopdf)             Output file: <CQUniversity-logo-eps-converted-to.pdf>
(epstopdf)                    date: 2019-11-14 13:24:36
(epstopdf)                    size: 31668 bytes
(epstopdf)             Command: <epstopdf --outfile=CQUniversity-logo-eps-conve
rted-to.pdf CQUniversity-logo.eps>
(epstopdf)             \includegraphics on input line 438.
Package epstopdf Info: Output file is already uptodate.
File: CQUniversity-logo-eps-converted-to.pdf Graphic file (type pdf)
<use CQUniversity-logo-eps-converted-to.pdf>
Package pdftex.def Info: CQUniversity-logo-eps-converted-to.pdf  used on input 
line 438.
(pdftex.def)             Requested size: 42.67912pt x 25.63548pt.
 [19

 <./Figures/System_Architecture-eps-converted-to.pdf>]
Package epstopdf Info: Source file: <CQUniversity-logo.eps>
(epstopdf)                    date: 2012-10-06 15:01:22
(epstopdf)                    size: 275405 bytes
(epstopdf)             Output file: <CQUniversity-logo-eps-converted-to.pdf>
(epstopdf)                    date: 2019-11-14 13:24:36
(epstopdf)                    size: 31668 bytes
(epstopdf)             Command: <epstopdf --outfile=CQUniversity-logo-eps-conve
rted-to.pdf CQUniversity-logo.eps>
(epstopdf)             \includegraphics on input line 456.
Package epstopdf Info: Output file is already uptodate.
File: CQUniversity-logo-eps-converted-to.pdf Graphic file (type pdf)
<use CQUniversity-logo-eps-converted-to.pdf>
Package pdftex.def Info: CQUniversity-logo-eps-converted-to.pdf  used on input 
line 456.
(pdftex.def)             Requested size: 42.67912pt x 25.63548pt.
 [20

]
Package epstopdf Info: Source file: <CQUniversity-logo.eps>
(epstopdf)                    date: 2012-10-06 15:01:22
(epstopdf)                    size: 275405 bytes
(epstopdf)             Output file: <CQUniversity-logo-eps-converted-to.pdf>
(epstopdf)                    date: 2019-11-14 13:24:36
(epstopdf)                    size: 31668 bytes
(epstopdf)             Command: <epstopdf --outfile=CQUniversity-logo-eps-conve
rted-to.pdf CQUniversity-logo.eps>
(epstopdf)             \includegraphics on input line 474.
Package epstopdf Info: Output file is already uptodate.
File: CQUniversity-logo-eps-converted-to.pdf Graphic file (type pdf)
<use CQUniversity-logo-eps-converted-to.pdf>
Package pdftex.def Info: CQUniversity-logo-eps-converted-to.pdf  used on input 
line 474.
(pdftex.def)             Requested size: 42.67912pt x 25.63548pt.
 [21

]
Package epstopdf Info: Source file: <Figures/A_Hierarhical_File_System.eps>
(epstopdf)                    date: 2019-11-16 14:30:04
(epstopdf)                    size: 412226 bytes
(epstopdf)             Output file: <Figures/A_Hierarhical_File_System-eps-conv
erted-to.pdf>
(epstopdf)                    date: 2019-11-16 14:58:18
(epstopdf)                    size: 81942 bytes
(epstopdf)             Command: <epstopdf --outfile=Figures/A_Hierarhical_File_
System-eps-converted-to.pdf Figures/A_Hierarhical_File_System.eps>
(epstopdf)             \includegraphics on input line 492.
Package epstopdf Info: Output file is already uptodate.
<Figures/A_Hierarhical_File_System-eps-converted-to.pdf, id=718, 478.78876pt x 
147.55125pt>
File: Figures/A_Hierarhical_File_System-eps-converted-to.pdf Graphic file (type
 pdf)
<use Figures/A_Hierarhical_File_System-eps-converted-to.pdf>
Package pdftex.def Info: Figures/A_Hierarhical_File_System-eps-converted-to.pdf
  used on input line 492.
(pdftex.def)             Requested size: 238.49121pt x 73.49625pt.
Package epstopdf Info: Source file: <CQUniversity-logo.eps>
(epstopdf)                    date: 2012-10-06 15:01:22
(epstopdf)                    size: 275405 bytes
(epstopdf)             Output file: <CQUniversity-logo-eps-converted-to.pdf>
(epstopdf)                    date: 2019-11-14 13:24:36
(epstopdf)                    size: 31668 bytes
(epstopdf)             Command: <epstopdf --outfile=CQUniversity-logo-eps-conve
rted-to.pdf CQUniversity-logo.eps>
(epstopdf)             \includegraphics on input line 492.
Package epstopdf Info: Output file is already uptodate.
File: CQUniversity-logo-eps-converted-to.pdf Graphic file (type pdf)
<use CQUniversity-logo-eps-converted-to.pdf>
Package pdftex.def Info: CQUniversity-logo-eps-converted-to.pdf  used on input 
line 492.
(pdftex.def)             Requested size: 42.67912pt x 25.63548pt.
 [22

 <./Figures/A_Hierarhical_File_System-eps-converted-to.pdf>]
Package epstopdf Info: Source file: <CQUniversity-logo.eps>
(epstopdf)                    date: 2012-10-06 15:01:22
(epstopdf)                    size: 275405 bytes
(epstopdf)             Output file: <CQUniversity-logo-eps-converted-to.pdf>
(epstopdf)                    date: 2019-11-14 13:24:36
(epstopdf)                    size: 31668 bytes
(epstopdf)             Command: <epstopdf --outfile=CQUniversity-logo-eps-conve
rted-to.pdf CQUniversity-logo.eps>
(epstopdf)             \includegraphics on input line 514.
Package epstopdf Info: Output file is already uptodate.
File: CQUniversity-logo-eps-converted-to.pdf Graphic file (type pdf)
<use CQUniversity-logo-eps-converted-to.pdf>
Package pdftex.def Info: CQUniversity-logo-eps-converted-to.pdf  used on input 
line 514.
(pdftex.def)             Requested size: 42.67912pt x 25.63548pt.
 [23

]
Package epstopdf Info: Source file: <CQUniversity-logo.eps>
(epstopdf)                    date: 2012-10-06 15:01:22
(epstopdf)                    size: 275405 bytes
(epstopdf)             Output file: <CQUniversity-logo-eps-converted-to.pdf>
(epstopdf)                    date: 2019-11-14 13:24:36
(epstopdf)                    size: 31668 bytes
(epstopdf)             Command: <epstopdf --outfile=CQUniversity-logo-eps-conve
rted-to.pdf CQUniversity-logo.eps>
(epstopdf)             \includegraphics on input line 535.
Package epstopdf Info: Output file is already uptodate.
File: CQUniversity-logo-eps-converted-to.pdf Graphic file (type pdf)
<use CQUniversity-logo-eps-converted-to.pdf>
Package pdftex.def Info: CQUniversity-logo-eps-converted-to.pdf  used on input 
line 535.
(pdftex.def)             Requested size: 42.67912pt x 25.63548pt.
 [24

]
Package epstopdf Info: Source file: <CQUniversity-logo.eps>
(epstopdf)                    date: 2012-10-06 15:01:22
(epstopdf)                    size: 275405 bytes
(epstopdf)             Output file: <CQUniversity-logo-eps-converted-to.pdf>
(epstopdf)                    date: 2019-11-14 13:24:36
(epstopdf)                    size: 31668 bytes
(epstopdf)             Command: <epstopdf --outfile=CQUniversity-logo-eps-conve
rted-to.pdf CQUniversity-logo.eps>
(epstopdf)             \includegraphics on input line 550.
Package epstopdf Info: Output file is already uptodate.
File: CQUniversity-logo-eps-converted-to.pdf Graphic file (type pdf)
<use CQUniversity-logo-eps-converted-to.pdf>
Package pdftex.def Info: CQUniversity-logo-eps-converted-to.pdf  used on input 
line 550.
(pdftex.def)             Requested size: 42.67912pt x 25.63548pt.
 [25

]
Package epstopdf Info: Source file: <CQUniversity-logo.eps>
(epstopdf)                    date: 2012-10-06 15:01:22
(epstopdf)                    size: 275405 bytes
(epstopdf)             Output file: <CQUniversity-logo-eps-converted-to.pdf>
(epstopdf)                    date: 2019-11-14 13:24:36
(epstopdf)                    size: 31668 bytes
(epstopdf)             Command: <epstopdf --outfile=CQUniversity-logo-eps-conve
rted-to.pdf CQUniversity-logo.eps>
(epstopdf)             \includegraphics on input line 567.
Package epstopdf Info: Output file is already uptodate.
File: CQUniversity-logo-eps-converted-to.pdf Graphic file (type pdf)
<use CQUniversity-logo-eps-converted-to.pdf>
Package pdftex.def Info: CQUniversity-logo-eps-converted-to.pdf  used on input 
line 567.
(pdftex.def)             Requested size: 42.67912pt x 25.63548pt.
 [26

]
Package epstopdf Info: Source file: <Figures/The_Windows_OS_Structure.eps>
(epstopdf)                    date: 2019-11-16 15:46:00
(epstopdf)                    size: 593845 bytes
(epstopdf)             Output file: <Figures/The_Windows_OS_Structure-eps-conve
rted-to.pdf>
(epstopdf)                    date: 2019-11-17 13:34:09
(epstopdf)                    size: 145894 bytes
(epstopdf)             Command: <epstopdf --outfile=Figures/The_Windows_OS_Stru
cture-eps-converted-to.pdf Figures/The_Windows_OS_Structure.eps>
(epstopdf)             \includegraphics on input line 576.
Package epstopdf Info: Output file is already uptodate.
<Figures/The_Windows_OS_Structure-eps-converted-to.pdf, id=857, 333.245pt x 325
.215pt>
File: Figures/The_Windows_OS_Structure-eps-converted-to.pdf Graphic file (type 
pdf)
<use Figures/The_Windows_OS_Structure-eps-converted-to.pdf>
Package pdftex.def Info: Figures/The_Windows_OS_Structure-eps-converted-to.pdf 
 used on input line 576.
(pdftex.def)             Requested size: 180.67499pt x 176.3231pt.
Package epstopdf Info: Source file: <CQUniversity-logo.eps>
(epstopdf)                    date: 2012-10-06 15:01:22
(epstopdf)                    size: 275405 bytes
(epstopdf)             Output file: <CQUniversity-logo-eps-converted-to.pdf>
(epstopdf)                    date: 2019-11-14 13:24:36
(epstopdf)                    size: 31668 bytes
(epstopdf)             Command: <epstopdf --outfile=CQUniversity-logo-eps-conve
rted-to.pdf CQUniversity-logo.eps>
(epstopdf)             \includegraphics on input line 576.
Package epstopdf Info: Output file is already uptodate.
File: CQUniversity-logo-eps-converted-to.pdf Graphic file (type pdf)
<use CQUniversity-logo-eps-converted-to.pdf>
Package pdftex.def Info: CQUniversity-logo-eps-converted-to.pdf  used on input 
line 576.
(pdftex.def)             Requested size: 42.67912pt x 25.63548pt.
 [27

 <./Figures/The_Windows_OS_Structure-eps-converted-to.pdf>]
Package epstopdf Info: Source file: <CQUniversity-logo.eps>
(epstopdf)                    date: 2012-10-06 15:01:22
(epstopdf)                    size: 275405 bytes
(epstopdf)             Output file: <CQUniversity-logo-eps-converted-to.pdf>
(epstopdf)                    date: 2019-11-14 13:24:36
(epstopdf)                    size: 31668 bytes
(epstopdf)             Command: <epstopdf --outfile=CQUniversity-logo-eps-conve
rted-to.pdf CQUniversity-logo.eps>
(epstopdf)             \includegraphics on input line 589.
Package epstopdf Info: Output file is already uptodate.
File: CQUniversity-logo-eps-converted-to.pdf Graphic file (type pdf)
<use CQUniversity-logo-eps-converted-to.pdf>
Package pdftex.def Info: CQUniversity-logo-eps-converted-to.pdf  used on input 
line 589.
(pdftex.def)             Requested size: 42.67912pt x 25.63548pt.
 [28

] (./COIT11238-M1W1-V23S3.toc)
Package epstopdf Info: Source file: <CQUniversity-logo.eps>
(epstopdf)                    date: 2012-10-06 15:01:22
(epstopdf)                    size: 275405 bytes
(epstopdf)             Output file: <CQUniversity-logo-eps-converted-to.pdf>
(epstopdf)                    date: 2019-11-14 13:24:36
(epstopdf)                    size: 31668 bytes
(epstopdf)             Command: <epstopdf --outfile=CQUniversity-logo-eps-conve
rted-to.pdf CQUniversity-logo.eps>
(epstopdf)             \includegraphics on input line 605.
Package epstopdf Info: Output file is already uptodate.
File: CQUniversity-logo-eps-converted-to.pdf Graphic file (type pdf)
<use CQUniversity-logo-eps-converted-to.pdf>
Package pdftex.def Info: CQUniversity-logo-eps-converted-to.pdf  used on input 
line 605.
(pdftex.def)             Requested size: 42.67912pt x 25.63548pt.
 [29

]
LaTeX Font Info:    Font shape `OT1/lmss/bx/it' in size <10.95> not available
(Font)              Font shape `OT1/lmss/bx/sl' tried instead on input line 618
.
Package epstopdf Info: Source file: <CQUniversity-logo.eps>
(epstopdf)                    date: 2012-10-06 15:01:22
(epstopdf)                    size: 275405 bytes
(epstopdf)             Output file: <CQUniversity-logo-eps-converted-to.pdf>
(epstopdf)                    date: 2019-11-14 13:24:36
(epstopdf)                    size: 31668 bytes
(epstopdf)             Command: <epstopdf --outfile=CQUniversity-logo-eps-conve
rted-to.pdf CQUniversity-logo.eps>
(epstopdf)             \includegraphics on input line 618.
Package epstopdf Info: Output file is already uptodate.
File: CQUniversity-logo-eps-converted-to.pdf Graphic file (type pdf)
<use CQUniversity-logo-eps-converted-to.pdf>
Package pdftex.def Info: CQUniversity-logo-eps-converted-to.pdf  used on input 
line 618.
(pdftex.def)             Requested size: 42.67912pt x 25.63548pt.
 [30

]
Package epstopdf Info: Source file: <Figures/home_networking_diagram.eps>
(epstopdf)                    date: 2019-11-18 15:18:12
(epstopdf)                    size: 428127 bytes
(epstopdf)             Output file: <Figures/home_networking_diagram-eps-conver
ted-to.pdf>
(epstopdf)                    date: 2023-01-05 19:18:17
(epstopdf)                    size: 77619 bytes
(epstopdf)             Command: <epstopdf --outfile=Figures/home_networking_dia
gram-eps-converted-to.pdf Figures/home_networking_diagram.eps>
(epstopdf)             \includegraphics on input line 629.
Package epstopdf Info: Output file is already uptodate.
<Figures/home_networking_diagram-eps-converted-to.pdf, id=986, 466.74374pt x 24
6.9225pt>
File: Figures/home_networking_diagram-eps-converted-to.pdf Graphic file (type p
df)
<use Figures/home_networking_diagram-eps-converted-to.pdf>
Package pdftex.def Info: Figures/home_networking_diagram-eps-converted-to.pdf  
used on input line 629.
(pdftex.def)             Requested size: 252.94499pt x 133.81465pt.
Package epstopdf Info: Source file: <CQUniversity-logo.eps>
(epstopdf)                    date: 2012-10-06 15:01:22
(epstopdf)                    size: 275405 bytes
(epstopdf)             Output file: <CQUniversity-logo-eps-converted-to.pdf>
(epstopdf)                    date: 2019-11-14 13:24:36
(epstopdf)                    size: 31668 bytes
(epstopdf)             Command: <epstopdf --outfile=CQUniversity-logo-eps-conve
rted-to.pdf CQUniversity-logo.eps>
(epstopdf)             \includegraphics on input line 629.
Package epstopdf Info: Output file is already uptodate.
File: CQUniversity-logo-eps-converted-to.pdf Graphic file (type pdf)
<use CQUniversity-logo-eps-converted-to.pdf>
Package pdftex.def Info: CQUniversity-logo-eps-converted-to.pdf  used on input 
line 629.
(pdftex.def)             Requested size: 42.67912pt x 25.63548pt.
 [31

 <./Figures/home_networking_diagram-eps-converted-to.pdf>]
Package epstopdf Info: Source file: <Figures/university_campus_network.eps>
(epstopdf)                    date: 2019-11-18 15:29:09
(epstopdf)                    size: 693494 bytes
(epstopdf)             Output file: <Figures/university_campus_network-eps-conv
erted-to.pdf>
(epstopdf)                    date: 2023-01-05 19:18:17
(epstopdf)                    size: 246567 bytes
(epstopdf)             Command: <epstopdf --outfile=Figures/university_campus_n
etwork-eps-converted-to.pdf Figures/university_campus_network.eps>
(epstopdf)             \includegraphics on input line 639.
Package epstopdf Info: Output file is already uptodate.
<Figures/university_campus_network-eps-converted-to.pdf, id=1019, 703.62875pt x
 457.71pt>
File: Figures/university_campus_network-eps-converted-to.pdf Graphic file (type
 pdf)
<use Figures/university_campus_network-eps-converted-to.pdf>
Package pdftex.def Info: Figures/university_campus_network-eps-converted-to.pdf
  used on input line 639.
(pdftex.def)             Requested size: 289.07999pt x 188.04643pt.
Package epstopdf Info: Source file: <CQUniversity-logo.eps>
(epstopdf)                    date: 2012-10-06 15:01:22
(epstopdf)                    size: 275405 bytes
(epstopdf)             Output file: <CQUniversity-logo-eps-converted-to.pdf>
(epstopdf)                    date: 2019-11-14 13:24:36
(epstopdf)                    size: 31668 bytes
(epstopdf)             Command: <epstopdf --outfile=CQUniversity-logo-eps-conve
rted-to.pdf CQUniversity-logo.eps>
(epstopdf)             \includegraphics on input line 639.
Package epstopdf Info: Output file is already uptodate.
File: CQUniversity-logo-eps-converted-to.pdf Graphic file (type pdf)
<use CQUniversity-logo-eps-converted-to.pdf>
Package pdftex.def Info: CQUniversity-logo-eps-converted-to.pdf  used on input 
line 639.
(pdftex.def)             Requested size: 42.67912pt x 25.63548pt.
 [32

 <./Figures/university_campus_network-eps-converted-to.pdf>]
Package epstopdf Info: Source file: <CQUniversity-logo.eps>
(epstopdf)                    date: 2012-10-06 15:01:22
(epstopdf)                    size: 275405 bytes
(epstopdf)             Output file: <CQUniversity-logo-eps-converted-to.pdf>
(epstopdf)                    date: 2019-11-14 13:24:36
(epstopdf)                    size: 31668 bytes
(epstopdf)             Command: <epstopdf --outfile=CQUniversity-logo-eps-conve
rted-to.pdf CQUniversity-logo.eps>
(epstopdf)             \includegraphics on input line 654.
Package epstopdf Info: Output file is already uptodate.
File: CQUniversity-logo-eps-converted-to.pdf Graphic file (type pdf)
<use CQUniversity-logo-eps-converted-to.pdf>
Package pdftex.def Info: CQUniversity-logo-eps-converted-to.pdf  used on input 
line 654.
(pdftex.def)             Requested size: 42.67912pt x 25.63548pt.
 [33

]
Package epstopdf Info: Source file: <Figures/aarnet_1.eps>
(epstopdf)                    date: 2019-11-18 15:40:23
(epstopdf)                    size: 1462053 bytes
(epstopdf)             Output file: <Figures/aarnet_1-eps-converted-to.pdf>
(epstopdf)                    date: 2023-01-05 19:18:17
(epstopdf)                    size: 371618 bytes
(epstopdf)             Command: <epstopdf --outfile=Figures/aarnet_1-eps-conver
ted-to.pdf Figures/aarnet_1.eps>
(epstopdf)             \includegraphics on input line 663.
Package epstopdf Info: Output file is already uptodate.
<Figures/aarnet_1-eps-converted-to.pdf, id=1078, 723.70375pt x 543.02875pt>
File: Figures/aarnet_1-eps-converted-to.pdf Graphic file (type pdf)
<use Figures/aarnet_1-eps-converted-to.pdf>
Package pdftex.def Info: Figures/aarnet_1-eps-converted-to.pdf  used on input l
ine 663.
(pdftex.def)             Requested size: 289.07999pt x 216.90935pt.
Package epstopdf Info: Source file: <CQUniversity-logo.eps>
(epstopdf)                    date: 2012-10-06 15:01:22
(epstopdf)                    size: 275405 bytes
(epstopdf)             Output file: <CQUniversity-logo-eps-converted-to.pdf>
(epstopdf)                    date: 2019-11-14 13:24:36
(epstopdf)                    size: 31668 bytes
(epstopdf)             Command: <epstopdf --outfile=CQUniversity-logo-eps-conve
rted-to.pdf CQUniversity-logo.eps>
(epstopdf)             \includegraphics on input line 663.
Package epstopdf Info: Output file is already uptodate.
File: CQUniversity-logo-eps-converted-to.pdf Graphic file (type pdf)
<use CQUniversity-logo-eps-converted-to.pdf>
Package pdftex.def Info: CQUniversity-logo-eps-converted-to.pdf  used on input 
line 663.
(pdftex.def)             Requested size: 42.67912pt x 25.63548pt.
 [34

 <./Figures/aarnet_1-eps-converted-to.pdf>]
Package epstopdf Info: Source file: <Figures/aarnet_2.eps>
(epstopdf)                    date: 2019-11-18 15:40:55
(epstopdf)                    size: 1125486 bytes
(epstopdf)             Output file: <Figures/aarnet_2-eps-converted-to.pdf>
(epstopdf)                    date: 2023-01-05 19:18:17
(epstopdf)                    size: 208575 bytes
(epstopdf)             Command: <epstopdf --outfile=Figures/aarnet_2-eps-conver
ted-to.pdf Figures/aarnet_2.eps>
(epstopdf)             \includegraphics on input line 672.
Package epstopdf Info: Output file is already uptodate.
<Figures/aarnet_2-eps-converted-to.pdf, id=1111, 723.70375pt x 543.02875pt>
File: Figures/aarnet_2-eps-converted-to.pdf Graphic file (type pdf)
<use Figures/aarnet_2-eps-converted-to.pdf>
Package pdftex.def Info: Figures/aarnet_2-eps-converted-to.pdf  used on input l
ine 672.
(pdftex.def)             Requested size: 260.17244pt x 195.21675pt.
Package epstopdf Info: Source file: <CQUniversity-logo.eps>
(epstopdf)                    date: 2012-10-06 15:01:22
(epstopdf)                    size: 275405 bytes
(epstopdf)             Output file: <CQUniversity-logo-eps-converted-to.pdf>
(epstopdf)                    date: 2019-11-14 13:24:36
(epstopdf)                    size: 31668 bytes
(epstopdf)             Command: <epstopdf --outfile=CQUniversity-logo-eps-conve
rted-to.pdf CQUniversity-logo.eps>
(epstopdf)             \includegraphics on input line 672.
Package epstopdf Info: Output file is already uptodate.
File: CQUniversity-logo-eps-converted-to.pdf Graphic file (type pdf)
<use CQUniversity-logo-eps-converted-to.pdf>
Package pdftex.def Info: CQUniversity-logo-eps-converted-to.pdf  used on input 
line 672.
(pdftex.def)             Requested size: 42.67912pt x 25.63548pt.

[35

 <./Figures/aarnet_2-eps-converted-to.pdf>]
Package epstopdf Info: Source file: <CQUniversity-logo.eps>
(epstopdf)                    date: 2012-10-06 15:01:22
(epstopdf)                    size: 275405 bytes
(epstopdf)             Output file: <CQUniversity-logo-eps-converted-to.pdf>
(epstopdf)                    date: 2019-11-14 13:24:36
(epstopdf)                    size: 31668 bytes
(epstopdf)             Command: <epstopdf --outfile=CQUniversity-logo-eps-conve
rted-to.pdf CQUniversity-logo.eps>
(epstopdf)             \includegraphics on input line 683.
Package epstopdf Info: Output file is already uptodate.
File: CQUniversity-logo-eps-converted-to.pdf Graphic file (type pdf)
<use CQUniversity-logo-eps-converted-to.pdf>
Package pdftex.def Info: CQUniversity-logo-eps-converted-to.pdf  used on input 
line 683.
(pdftex.def)             Requested size: 42.67912pt x 25.63548pt.
 [36

]
Package epstopdf Info: Source file: <Figures/IoT_network_architecture.eps>
(epstopdf)                    date: 2019-11-18 17:01:01
(epstopdf)                    size: 683852 bytes
(epstopdf)             Output file: <Figures/IoT_network_architecture-eps-conve
rted-to.pdf>
(epstopdf)                    date: 2023-01-05 19:18:17
(epstopdf)                    size: 175726 bytes
(epstopdf)             Command: <epstopdf --outfile=Figures/IoT_network_archite
cture-eps-converted-to.pdf Figures/IoT_network_architecture.eps>
(epstopdf)             \includegraphics on input line 708.
Package epstopdf Info: Output file is already uptodate.
<Figures/IoT_network_architecture-eps-converted-to.pdf, id=1169, 630.355pt x 53
3.995pt>
File: Figures/IoT_network_architecture-eps-converted-to.pdf Graphic file (type 
pdf)
<use Figures/IoT_network_architecture-eps-converted-to.pdf>
Package pdftex.def Info: Figures/IoT_network_architecture-eps-converted-to.pdf 
 used on input line 708.
(pdftex.def)             Requested size: 252.94499pt x 214.27866pt.
Package epstopdf Info: Source file: <CQUniversity-logo.eps>
(epstopdf)                    date: 2012-10-06 15:01:22
(epstopdf)                    size: 275405 bytes
(epstopdf)             Output file: <CQUniversity-logo-eps-converted-to.pdf>
(epstopdf)                    date: 2019-11-14 13:24:36
(epstopdf)                    size: 31668 bytes
(epstopdf)             Command: <epstopdf --outfile=CQUniversity-logo-eps-conve
rted-to.pdf CQUniversity-logo.eps>
(epstopdf)             \includegraphics on input line 708.
Package epstopdf Info: Output file is already uptodate.
File: CQUniversity-logo-eps-converted-to.pdf Graphic file (type pdf)
<use CQUniversity-logo-eps-converted-to.pdf>
Package pdftex.def Info: CQUniversity-logo-eps-converted-to.pdf  used on input 
line 708.
(pdftex.def)             Requested size: 42.67912pt x 25.63548pt.
 [37

 <./Figures/IoT_network_architecture-eps-converted-to.pdf>]
Package epstopdf Info: Source file: <CQUniversity-logo.eps>
(epstopdf)                    date: 2012-10-06 15:01:22
(epstopdf)                    size: 275405 bytes
(epstopdf)             Output file: <CQUniversity-logo-eps-converted-to.pdf>
(epstopdf)                    date: 2019-11-14 13:24:36
(epstopdf)                    size: 31668 bytes
(epstopdf)             Command: <epstopdf --outfile=CQUniversity-logo-eps-conve
rted-to.pdf CQUniversity-logo.eps>
(epstopdf)             \includegraphics on input line 721.
Package epstopdf Info: Output file is already uptodate.
File: CQUniversity-logo-eps-converted-to.pdf Graphic file (type pdf)
<use CQUniversity-logo-eps-converted-to.pdf>
Package pdftex.def Info: CQUniversity-logo-eps-converted-to.pdf  used on input 
line 721.
(pdftex.def)             Requested size: 42.67912pt x 25.63548pt.
 [38

] (./COIT11238-M1W1-V23S3.toc)
Package epstopdf Info: Source file: <CQUniversity-logo.eps>
(epstopdf)                    date: 2012-10-06 15:01:22
(epstopdf)                    size: 275405 bytes
(epstopdf)             Output file: <CQUniversity-logo-eps-converted-to.pdf>
(epstopdf)                    date: 2019-11-14 13:24:36
(epstopdf)                    size: 31668 bytes
(epstopdf)             Command: <epstopdf --outfile=CQUniversity-logo-eps-conve
rted-to.pdf CQUniversity-logo.eps>
(epstopdf)             \includegraphics on input line 724.
Package epstopdf Info: Output file is already uptodate.
File: CQUniversity-logo-eps-converted-to.pdf Graphic file (type pdf)
<use CQUniversity-logo-eps-converted-to.pdf>
Package pdftex.def Info: CQUniversity-logo-eps-converted-to.pdf  used on input 
line 724.
(pdftex.def)             Requested size: 42.67912pt x 25.63548pt.
 [39

]
Package epstopdf Info: Source file: <CQUniversity-logo.eps>
(epstopdf)                    date: 2012-10-06 15:01:22
(epstopdf)                    size: 275405 bytes
(epstopdf)             Output file: <CQUniversity-logo-eps-converted-to.pdf>
(epstopdf)                    date: 2019-11-14 13:24:36
(epstopdf)                    size: 31668 bytes
(epstopdf)             Command: <epstopdf --outfile=CQUniversity-logo-eps-conve
rted-to.pdf CQUniversity-logo.eps>
(epstopdf)             \includegraphics on input line 741.
Package epstopdf Info: Output file is already uptodate.
File: CQUniversity-logo-eps-converted-to.pdf Graphic file (type pdf)
<use CQUniversity-logo-eps-converted-to.pdf>
Package pdftex.def Info: CQUniversity-logo-eps-converted-to.pdf  used on input 
line 741.
(pdftex.def)             Requested size: 42.67912pt x 25.63548pt.

[40

]
\tf@nav=\write5
\openout5 = `COIT11238-M1W1-V23S3.nav'.

\tf@toc=\write6
\openout6 = `COIT11238-M1W1-V23S3.toc'.

\tf@snm=\write7
\openout7 = `COIT11238-M1W1-V23S3.snm'.

 (./COIT11238-M1W1-V23S3.aux) ) 
Here is how much of TeX's memory you used:
 25313 strings out of 478994
 466943 string characters out of 5858185
 761399 words of memory out of 5000000
 42087 multiletter control sequences out of 15000+600000
 447195 words of font info for 64 fonts, out of 8000000 for 9000
 1141 hyphenation exceptions out of 8191
 131i,15n,132p,510b,676s stack positions out of 5000i,500n,10000p,200000b,80000s
{/usr/local/texlive/2021/texmf-dist/fonts/enc/dv
ips/lm/lm-rm.enc}</usr/local/texlive/2021/texmf-dist/fonts/type1/public/lm/lmss
10.pfb></usr/local/texlive/2021/texmf-dist/fonts/type1/public/lm/lmss12.pfb></u
sr/local/texlive/2021/texmf-dist/fonts/type1/public/lm/lmss8.pfb></usr/local/te
xlive/2021/texmf-dist/fonts/type1/public/lm/lmss9.pfb></usr/local/texlive/2021/
texmf-dist/fonts/type1/public/lm/lmssbo10.pfb></usr/local/texlive/2021/texmf-di
st/fonts/type1/public/lm/lmssbx10.pfb></usr/local/texlive/2021/texmf-dist/fonts
/type1/public/lm/lmsso10.pfb>
Output written on COIT11238-M1W1-V23S3.pdf (40 pages, 3315258 bytes).
PDF statistics:
 1352 PDF objects out of 1440 (max. 8388607)
 1199 compressed objects within 12 object streams
 93 named destinations out of 1000 (max. 500000)
 403 words of extra memory for PDF output out of 10000 (max. 10000000)

